<?xml version="1.0" encoding="UTF-8"?>
<testsuites name="Budget temp" time="2074.938" tests="6" failures="4" errors="0">
   <testsuite name="Budget temp" tests="6" failures="4" errors="0" time="2074.938" skipped="0" timestamp="2023-03-13 21:21:29" hostname="kashif - localhost" id="Test Suites/Budget temp">
      <properties>
[...]
</properties>
      <testcase name="Test Cases/GiS/Budget Estimator/Budget_Estimator_1year" time="251.622" classname="Test Cases/GiS/Budget Estimator/Budget_Estimator_1year" status="PASSED">
         <system-out><![CDATA[2023-03-13 21:21:29 - [TEST_CASE][PASSED] - Test Cases/GiS/Budget Estimator/Budget_Estimator_1year: Test Cases/GiS/Budget Estimator/Budget_Estimator_1year

2023-03-13 21:21:30 - [TEST_STEP][PASSED] - gis_url.test.URL.redirectURL(): gis_url.test.URL.redirectURL is PASSED

2023-03-13 21:21:30 - [MESSAGE][INFO] - Starting 'Chrome' driver

2023-03-13 21:21:30 - [MESSAGE][INFO] - Action delay is set to 0 milliseconds

2023-03-13 21:21:34 - [MESSAGE][PASSED] - Browser is opened with url: 'https://streetlogix-gis-slx4-develop.vercel.app/?config=64077fc938af4bcc9a46a81d8f4e5576&token=eyJhbGciOiJIUzI1NiIsInR5cCI6IkpXVCJ9.eyJpZCI6OTc2LCJuYW1lIjoiU29oYWliIE5laGFsIiwiZXhwIjoxNjgwNjgwOTg3LCJpYXQiOjE2NzgwODg5ODd9.hALLa1SO64ZYI--CeYjMno4uFOCwR9lK0Lzo7eCUaPk'

2023-03-13 21:21:34 - [MESSAGE][PASSED] - gis_url.test.URL.redirectURL is PASSED

2023-03-13 21:21:34 - [TEST_STEP][PASSED] - delay(15): Delayed 15 second(s)

2023-03-13 21:21:49 - [MESSAGE][PASSED] - Delayed 15 second(s)

2023-03-13 21:21:49 - [TEST_STEP][PASSED] - click(findTestObject("EBP_Object/Page_Streetlogix/Menubar-icon")): Object: 'Object Repository/EBP_Object/Page_Streetlogix/Menubar-icon' is clicked on

2023-03-13 21:22:19 - [MESSAGE][PASSED] - Object: 'Object Repository/EBP_Object/Page_Streetlogix/Menubar-icon' is clicked on

2023-03-13 21:22:19 - [TEST_STEP][PASSED] - delay(10): Delayed 10 second(s)

2023-03-13 21:22:29 - [MESSAGE][PASSED] - Delayed 10 second(s)

2023-03-13 21:22:29 - [TEST_STEP][PASSED] - click(findTestObject("Object Repository/EBP_Object/Page_Streetlogix/div_Budget Estimator")): Object: 'Object Repository/EBP_Object/Page_Streetlogix/div_Budget Estimator' is clicked on

2023-03-13 21:22:37 - [MESSAGE][PASSED] - Object: 'Object Repository/EBP_Object/Page_Streetlogix/div_Budget Estimator' is clicked on

2023-03-13 21:22:37 - [TEST_STEP][PASSED] - Asset = getText(findTestObject("Compare Scenarios/div_Pavement Maintenance")): Text of object 'Object Repository/Compare Scenarios/div_Pavement Maintenance' is: 'Pavement Maintenance'

2023-03-13 21:22:39 - [MESSAGE][PASSED] - Text of object 'Object Repository/Compare Scenarios/div_Pavement Maintenance' is: 'Pavement Maintenance'

2023-03-13 21:22:39 - [TEST_STEP][PASSED] - Scenarioname = "EST 1": null

2023-03-13 21:22:39 - [TEST_STEP][PASSED] - Totalyears = "1": null

2023-03-13 21:22:39 - [TEST_STEP][PASSED] - Inflation = "5": null

2023-03-13 21:22:39 - [TEST_STEP][PASSED] - sendKeys(findTestObject("Object Repository/EBP_Object/Page_Streetlogix/input_Scenario Name_scenarioName"), Keys.chord(COMMAND, "a")): Keys 'COMMAND + a' sent to object: 'Object Repository/EBP_Object/Page_Streetlogix/input_Scenario Name_scenarioName'

2023-03-13 21:22:42 - [MESSAGE][PASSED] - Keys 'COMMAND + a' sent to object: 'Object Repository/EBP_Object/Page_Streetlogix/input_Scenario Name_scenarioName'

2023-03-13 21:22:42 - [TEST_STEP][PASSED] - sendKeys(findTestObject("Object Repository/EBP_Object/Page_Streetlogix/input_Scenario Name_scenarioName"), Keys.chord(DELETE)): Keys 'DELETE + ' sent to object: 'Object Repository/EBP_Object/Page_Streetlogix/input_Scenario Name_scenarioName'

2023-03-13 21:22:42 - [MESSAGE][PASSED] - Keys 'DELETE + ' sent to object: 'Object Repository/EBP_Object/Page_Streetlogix/input_Scenario Name_scenarioName'

2023-03-13 21:22:42 - [TEST_STEP][PASSED] - setText(findTestObject("Object Repository/EBP_Object/Page_Streetlogix/input_Scenario Name_scenarioName"), Scenarioname): Text 'EST 1' is set on object 'Object Repository/EBP_Object/Page_Streetlogix/input_Scenario Name_scenarioName'

2023-03-13 21:22:43 - [MESSAGE][PASSED] - Text 'EST 1' is set on object 'Object Repository/EBP_Object/Page_Streetlogix/input_Scenario Name_scenarioName'

2023-03-13 21:22:43 - [TEST_STEP][PASSED] - sendKeys(findTestObject("Object Repository/EBP_Object/Page_Streetlogix/input_Program duration_programDuration"), Keys.chord(COMMAND, "a")): Keys 'COMMAND + a' sent to object: 'Object Repository/EBP_Object/Page_Streetlogix/input_Program duration_programDuration'

2023-03-13 21:22:43 - [MESSAGE][PASSED] - Keys 'COMMAND + a' sent to object: 'Object Repository/EBP_Object/Page_Streetlogix/input_Program duration_programDuration'

2023-03-13 21:22:43 - [TEST_STEP][PASSED] - sendKeys(findTestObject("Object Repository/EBP_Object/Page_Streetlogix/input_Program duration_programDuration"), Keys.chord(DELETE)): Keys 'DELETE + ' sent to object: 'Object Repository/EBP_Object/Page_Streetlogix/input_Program duration_programDuration'

2023-03-13 21:22:44 - [MESSAGE][PASSED] - Keys 'DELETE + ' sent to object: 'Object Repository/EBP_Object/Page_Streetlogix/input_Program duration_programDuration'

2023-03-13 21:22:44 - [TEST_STEP][PASSED] - setText(findTestObject("Object Repository/EBP_Object/Page_Streetlogix/input_Program duration_programDuration"), Totalyears): Text '1' is set on object 'Object Repository/EBP_Object/Page_Streetlogix/input_Program duration_programDuration'

2023-03-13 21:22:45 - [MESSAGE][PASSED] - Text '1' is set on object 'Object Repository/EBP_Object/Page_Streetlogix/input_Program duration_programDuration'

2023-03-13 21:22:45 - [TEST_STEP][PASSED] - AvgCI = getText(findTestObject("EBP_Object/Page_Streetlogix/Average_condition_index")): Text of object 'Object Repository/EBP_Object/Page_Streetlogix/Average_condition_index' is: '27.95'

2023-03-13 21:22:45 - [MESSAGE][PASSED] - Text of object 'Object Repository/EBP_Object/Page_Streetlogix/Average_condition_index' is: '27.95'

2023-03-13 21:22:45 - [TEST_STEP][PASSED] - AvgCIdouble = AvgCI.toDouble(): null

2023-03-13 21:22:45 - [TEST_STEP][PASSED] - AvgCIround = Math.round(AvgCIdouble): null

2023-03-13 21:22:45 - [TEST_STEP][PASSED] - TargetCI = AvgCIround + 1: null

2023-03-13 21:22:45 - [TEST_STEP][PASSED] - Totalyear1 = Totalyears + " Year": null

2023-03-13 21:22:45 - [TEST_STEP][PASSED] - InflationSummary = Inflation + "%": null

2023-03-13 21:22:45 - [TEST_STEP][PASSED] - TargetCIfloat = TargetCI + ".00": null

2023-03-13 21:22:45 - [TEST_STEP][PASSED] - setText(findTestObject("Object Repository/EBP_Object/Page_Streetlogix/input_Target Condition Index_target_rating"), $TargetCI): Text '29' is set on object 'Object Repository/EBP_Object/Page_Streetlogix/input_Target Condition Index_target_rating'

2023-03-13 21:22:46 - [MESSAGE][PASSED] - Text '29' is set on object 'Object Repository/EBP_Object/Page_Streetlogix/input_Target Condition Index_target_rating'

2023-03-13 21:22:46 - [TEST_STEP][PASSED] - sendKeys(findTestObject("Object Repository/EBP_Object/Page_Streetlogix/input_Annual Inflation_annualInflation"), Keys.chord(COMMAND, "a")): Keys 'COMMAND + a' sent to object: 'Object Repository/EBP_Object/Page_Streetlogix/input_Annual Inflation_annualInflation'

2023-03-13 21:22:47 - [MESSAGE][PASSED] - Keys 'COMMAND + a' sent to object: 'Object Repository/EBP_Object/Page_Streetlogix/input_Annual Inflation_annualInflation'

2023-03-13 21:22:47 - [TEST_STEP][PASSED] - sendKeys(findTestObject("Object Repository/EBP_Object/Page_Streetlogix/input_Annual Inflation_annualInflation"), Keys.chord(DELETE)): Keys 'DELETE + ' sent to object: 'Object Repository/EBP_Object/Page_Streetlogix/input_Annual Inflation_annualInflation'

2023-03-13 21:22:47 - [MESSAGE][PASSED] - Keys 'DELETE + ' sent to object: 'Object Repository/EBP_Object/Page_Streetlogix/input_Annual Inflation_annualInflation'

2023-03-13 21:22:47 - [TEST_STEP][PASSED] - setText(findTestObject("Object Repository/EBP_Object/Page_Streetlogix/input_Annual Inflation_annualInflation"), Inflation): Text '5' is set on object 'Object Repository/EBP_Object/Page_Streetlogix/input_Annual Inflation_annualInflation'

2023-03-13 21:22:48 - [MESSAGE][PASSED] - Text '5' is set on object 'Object Repository/EBP_Object/Page_Streetlogix/input_Annual Inflation_annualInflation'

2023-03-13 21:22:48 - [TEST_STEP][PASSED] - click(findTestObject("Object Repository/EBP_Object/Page_Streetlogix/span_Calculate")): Object: 'Object Repository/EBP_Object/Page_Streetlogix/span_Calculate' is clicked on

2023-03-13 21:22:49 - [MESSAGE][PASSED] - Object: 'Object Repository/EBP_Object/Page_Streetlogix/span_Calculate' is clicked on

2023-03-13 21:22:49 - [TEST_STEP][PASSED] - delay(20): Delayed 20 second(s)

2023-03-13 21:23:09 - [MESSAGE][PASSED] - Delayed 20 second(s)

2023-03-13 21:23:09 - [TEST_STEP][PASSED] - click(findTestObject("Object Repository/EBP_Object/Page_Streetlogix/span_Load")): Object: 'Object Repository/EBP_Object/Page_Streetlogix/span_Load' is clicked on

2023-03-13 21:23:09 - [MESSAGE][PASSED] - Object: 'Object Repository/EBP_Object/Page_Streetlogix/span_Load' is clicked on

2023-03-13 21:23:09 - [TEST_STEP][PASSED] - delay(5): Delayed 5 second(s)

2023-03-13 21:23:14 - [MESSAGE][PASSED] - Delayed 5 second(s)

2023-03-13 21:23:14 - [TEST_STEP][PASSED] - Sname = TestObject().addProperty("text", EQUALS, Scenarioname): null

2023-03-13 21:23:14 - [TEST_STEP][PASSED] - click(Sname): Object: '' is clicked on

2023-03-13 21:23:15 - [MESSAGE][PASSED] - Object: '' is clicked on

2023-03-13 21:23:15 - [TEST_STEP][PASSED] - summary = Totalyears + " Year, Target rating " + TargetCI: null

2023-03-13 21:23:15 - [TEST_STEP][PASSED] - ActualSummary = getText(findTestObject("Object Repository/EBP_Object/Page_Streetlogix/Estimator_summary")): Text of object 'Object Repository/EBP_Object/Page_Streetlogix/Estimator_summary' is: '1 Year, Target rating 29'

2023-03-13 21:23:20 - [MESSAGE][PASSED] - Text of object 'Object Repository/EBP_Object/Page_Streetlogix/Estimator_summary' is: '1 Year, Target rating 29'

2023-03-13 21:23:20 - [TEST_STEP][PASSED] - Expectedsummary = TestObject().addProperty("text", EQUALS, summary): null

2023-03-13 21:23:20 - [TEST_STEP][PASSED] - verifyElementPresent(Expectedsummary, 5): Object '' is present

2023-03-13 21:23:20 - [MESSAGE][PASSED] - Object '' is present

2023-03-13 21:23:20 - [TEST_STEP][PASSED] - AssetSummary = getText(findTestObject("EBP_Object/Page_Streetlogix/Asset_name")): Text of object 'Object Repository/EBP_Object/Page_Streetlogix/Asset_name' is: 'Pavement'

2023-03-13 21:23:20 - [MESSAGE][PASSED] - Text of object 'Object Repository/EBP_Object/Page_Streetlogix/Asset_name' is: 'Pavement'

2023-03-13 21:23:20 - [TEST_STEP][PASSED] - Totalyear2 = getText(findTestObject("Object Repository/EBP_Object/Page_Streetlogix/Program_duration_1year")): Text of object 'Object Repository/EBP_Object/Page_Streetlogix/Program_duration_1year' is: '1 Year'

2023-03-13 21:23:21 - [MESSAGE][PASSED] - Text of object 'Object Repository/EBP_Object/Page_Streetlogix/Program_duration_1year' is: '1 Year'

2023-03-13 21:23:21 - [TEST_STEP][PASSED] - verifyMatch(Totalyear2, Totalyear1, false): Actual text '1 Year' and expected text '1 Year' are matched 

2023-03-13 21:23:21 - [MESSAGE][PASSED] - Actual text '1 Year' and expected text '1 Year' are matched 

2023-03-13 21:23:21 - [TEST_STEP][PASSED] - click(findTestObject("Object Repository/EBP_Object/Page_Streetlogix/Total cost estimated")): Object: 'Object Repository/EBP_Object/Page_Streetlogix/Total cost estimated' is clicked on

2023-03-13 21:23:21 - [MESSAGE][PASSED] - Object: 'Object Repository/EBP_Object/Page_Streetlogix/Total cost estimated' is clicked on

2023-03-13 21:23:21 - [TEST_STEP][PASSED] - Inflation2 = getText(findTestObject("Object Repository/EBP_Object/Page_Streetlogix/Inflation_5")): Text of object 'Object Repository/EBP_Object/Page_Streetlogix/Inflation_5' is: '5%'

2023-03-13 21:23:22 - [MESSAGE][PASSED] - Text of object 'Object Repository/EBP_Object/Page_Streetlogix/Inflation_5' is: '5%'

2023-03-13 21:23:22 - [TEST_STEP][PASSED] - InflationSummary: null

2023-03-13 21:23:22 - [TEST_STEP][PASSED] - verifyMatch(InflationSummary, Inflation2, false): Actual text '5%' and expected text '5%' are matched 

2023-03-13 21:23:22 - [MESSAGE][PASSED] - Actual text '5%' and expected text '5%' are matched 

2023-03-13 21:23:22 - [TEST_STEP][PASSED] - click(findTestObject("Object Repository/EBP_Object/Page_Streetlogix/h6_pci  0")): Object: 'Object Repository/EBP_Object/Page_Streetlogix/h6_pci  0' is clicked on

2023-03-13 21:23:22 - [MESSAGE][PASSED] - Object: 'Object Repository/EBP_Object/Page_Streetlogix/h6_pci  0' is clicked on

2023-03-13 21:23:22 - [TEST_STEP][PASSED] - DTused = getText(findTestObject("Object Repository/EBP_Object/Page_Streetlogix/h6_DT with PCI ranges")): Text of object 'Object Repository/EBP_Object/Page_Streetlogix/h6_DT with PCI ranges' is: 'DT with PCI ranges'

2023-03-13 21:23:23 - [MESSAGE][PASSED] - Text of object 'Object Repository/EBP_Object/Page_Streetlogix/h6_DT with PCI ranges' is: 'DT with PCI ranges'

2023-03-13 21:23:23 - [TEST_STEP][PASSED] - InuseDT = database_keywords.test.Database_Keywords.getinuseDT(): database_keywords.test.Database_Keywords.getinuseDT is PASSED

2023-03-13 21:23:27 - [MESSAGE][PASSED] - database_keywords.test.Database_Keywords.getinuseDT is PASSED

2023-03-13 21:23:27 - [TEST_STEP][PASSED] - println(InuseDT): null

2023-03-13 21:23:27 - [TEST_STEP][PASSED] - verifyMatch(InuseDT, DTused, false): Actual text 'DT with PCI ranges' and expected text 'DT with PCI ranges' are matched 

2023-03-13 21:23:27 - [MESSAGE][PASSED] - Actual text 'DT with PCI ranges' and expected text 'DT with PCI ranges' are matched 

2023-03-13 21:23:27 - [TEST_STEP][PASSED] - click(findTestObject("EBP_Object/Page_Streetlogix/View_Graph_dropdown")): Object: 'Object Repository/EBP_Object/Page_Streetlogix/View_Graph_dropdown' is clicked on

2023-03-13 21:23:28 - [MESSAGE][PASSED] - Object: 'Object Repository/EBP_Object/Page_Streetlogix/View_Graph_dropdown' is clicked on

2023-03-13 21:23:28 - [TEST_STEP][PASSED] - click(findTestObject("Object Repository/EBP_Object/Page_Streetlogix/li_Table")): Object: 'Object Repository/EBP_Object/Page_Streetlogix/li_Table' is clicked on

2023-03-13 21:23:29 - [MESSAGE][PASSED] - Object: 'Object Repository/EBP_Object/Page_Streetlogix/li_Table' is clicked on

2023-03-13 21:23:29 - [TEST_STEP][PASSED] - delay(5): Delayed 5 second(s)

2023-03-13 21:23:34 - [MESSAGE][PASSED] - Delayed 5 second(s)

2023-03-13 21:23:34 - [TEST_STEP][PASSED] - finalrating = TestObject().addProperty("text", EQUALS, TargetCIfloat): null

2023-03-13 21:23:34 - [TEST_STEP][PASSED] - verifyElementPresent(finalrating, 5): Object '' is present

2023-03-13 21:23:34 - [MESSAGE][PASSED] - Object '' is present

2023-03-13 21:23:34 - [TEST_STEP][PASSED] - click(findTestObject("Object Repository/EBP_Object/Page_Streetlogix/span_Report")): Object: 'Object Repository/EBP_Object/Page_Streetlogix/span_Report' is clicked on

2023-03-13 21:23:35 - [MESSAGE][PASSED] - Object: 'Object Repository/EBP_Object/Page_Streetlogix/span_Report' is clicked on

2023-03-13 21:23:35 - [TEST_STEP][PASSED] - delay(5): Delayed 5 second(s)

2023-03-13 21:23:40 - [MESSAGE][PASSED] - Delayed 5 second(s)

2023-03-13 21:23:40 - [TEST_STEP][PASSED] - click(findTestObject("Object Repository/EBP_Object/Page_Streetlogix/span_Export")): Object: 'Object Repository/EBP_Object/Page_Streetlogix/span_Export' is clicked on

2023-03-13 21:23:40 - [MESSAGE][PASSED] - Object: 'Object Repository/EBP_Object/Page_Streetlogix/span_Export' is clicked on

2023-03-13 21:23:40 - [TEST_STEP][PASSED] - delay(120): Delayed 120 second(s)

2023-03-13 21:25:40 - [MESSAGE][PASSED] - Delayed 120 second(s)

2023-03-13 21:25:40 - [TEST_STEP][PASSED] - click(findTestObject("Object Repository/EBP_Object/Page_Streetlogix/span_Close")): Object: 'Object Repository/EBP_Object/Page_Streetlogix/span_Close' is clicked on

2023-03-13 21:25:41 - [MESSAGE][PASSED] - Object: 'Object Repository/EBP_Object/Page_Streetlogix/span_Close' is clicked on

2023-03-13 21:25:41 - [TEST_STEP][PASSED] - isFileDownloaded("Streetlogix-EST-1.pdf"): null

2023-03-13 21:25:41 - [TEST_STEP][PASSED] - downloadPath = "/Users/kashif/Downloads": null

2023-03-13 21:25:41 - [TEST_STEP][PASSED] - dir = new java.io.File(downloadPath): null

2023-03-13 21:25:41 - [TEST_STEP][PASSED] - files = dir.listFiles(): null

2023-03-13 21:25:41 - [TEST_STEP][PASSED] - for (File file : files): null

2023-03-13 21:25:41 - [TEST_STEP][PASSED] - if (getName().equals(fileName)): null

2023-03-13 21:25:41 - [TEST_STEP][PASSED] - if (getName().equals(fileName)): null

2023-03-13 21:25:41 - [TEST_STEP][PASSED] - if (getName().equals(fileName)): null

2023-03-13 21:25:41 - [TEST_STEP][PASSED] - if (getName().equals(fileName)): null

2023-03-13 21:25:41 - [TEST_STEP][PASSED] - if (getName().equals(fileName)): null

2023-03-13 21:25:41 - [TEST_STEP][PASSED] - if (getName().equals(fileName)): null

2023-03-13 21:25:41 - [TEST_STEP][PASSED] - if (getName().equals(fileName)): null

2023-03-13 21:25:41 - [TEST_STEP][PASSED] - if (getName().equals(fileName)): null

2023-03-13 21:25:41 - [TEST_STEP][PASSED] - if (getName().equals(fileName)): null

2023-03-13 21:25:41 - [TEST_STEP][PASSED] - if (getName().equals(fileName)): null

2023-03-13 21:25:41 - [TEST_STEP][PASSED] - if (getName().equals(fileName)): null

2023-03-13 21:25:41 - [TEST_STEP][PASSED] - if (getName().equals(fileName)): null

2023-03-13 21:25:41 - [TEST_STEP][PASSED] - if (getName().equals(fileName)): null

2023-03-13 21:25:41 - [TEST_STEP][PASSED] - if (getName().equals(fileName)): null

2023-03-13 21:25:41 - [TEST_STEP][PASSED] - if (getName().equals(fileName)): null

2023-03-13 21:25:41 - [TEST_STEP][PASSED] - if (getName().equals(fileName)): null

2023-03-13 21:25:41 - [TEST_STEP][PASSED] - if (getName().equals(fileName)): null

2023-03-13 21:25:41 - [TEST_STEP][PASSED] - if (getName().equals(fileName)): null

2023-03-13 21:25:41 - [TEST_STEP][PASSED] - if (getName().equals(fileName)): null

2023-03-13 21:25:41 - [TEST_STEP][PASSED] - if (getName().equals(fileName)): null

2023-03-13 21:25:41 - [TEST_STEP][PASSED] - if (getName().equals(fileName)): null

2023-03-13 21:25:41 - [TEST_STEP][PASSED] - if (getName().equals(fileName)): null

2023-03-13 21:25:41 - [TEST_STEP][PASSED] - if (getName().equals(fileName)): null

2023-03-13 21:25:41 - [TEST_STEP][PASSED] - if (getName().equals(fileName)): null

2023-03-13 21:25:41 - [TEST_STEP][PASSED] - if (getName().equals(fileName)): null

2023-03-13 21:25:41 - [TEST_STEP][PASSED] - if (getName().equals(fileName)): null

2023-03-13 21:25:41 - [TEST_STEP][PASSED] - if (getName().equals(fileName)): null

2023-03-13 21:25:41 - [TEST_STEP][PASSED] - if (getName().equals(fileName)): null

2023-03-13 21:25:41 - [TEST_STEP][PASSED] - if (getName().equals(fileName)): null

2023-03-13 21:25:41 - [TEST_STEP][PASSED] - if (getName().equals(fileName)): null

2023-03-13 21:25:41 - [TEST_STEP][PASSED] - if (getName().equals(fileName)): null

2023-03-13 21:25:41 - [TEST_STEP][PASSED] - if (getName().equals(fileName)): null

2023-03-13 21:25:41 - [TEST_STEP][PASSED] - if (getName().equals(fileName)): null

2023-03-13 21:25:41 - [TEST_STEP][PASSED] - if (getName().equals(fileName)): null

2023-03-13 21:25:41 - [TEST_STEP][PASSED] - if (getName().equals(fileName)): null

2023-03-13 21:25:41 - [TEST_STEP][PASSED] - if (getName().equals(fileName)): null

2023-03-13 21:25:41 - [TEST_STEP][PASSED] - if (getName().equals(fileName)): null

2023-03-13 21:25:41 - [TEST_STEP][PASSED] - if (getName().equals(fileName)): null

2023-03-13 21:25:41 - [TEST_STEP][PASSED] - if (getName().equals(fileName)): null

2023-03-13 21:25:41 - [TEST_STEP][PASSED] - if (getName().equals(fileName)): null

2023-03-13 21:25:41 - [TEST_STEP][PASSED] - if (getName().equals(fileName)): null

2023-03-13 21:25:41 - [TEST_STEP][PASSED] - if (getName().equals(fileName)): null

2023-03-13 21:25:41 - [TEST_STEP][PASSED] - if (getName().equals(fileName)): null

2023-03-13 21:25:41 - [TEST_STEP][PASSED] - if (getName().equals(fileName)): null

2023-03-13 21:25:41 - [TEST_STEP][PASSED] - if (getName().equals(fileName)): null

2023-03-13 21:25:41 - [TEST_STEP][PASSED] - if (getName().equals(fileName)): null

2023-03-13 21:25:41 - [TEST_STEP][PASSED] - if (getName().equals(fileName)): null

2023-03-13 21:25:41 - [TEST_STEP][PASSED] - if (getName().equals(fileName)): null

2023-03-13 21:25:41 - [TEST_STEP][PASSED] - if (getName().equals(fileName)): null

2023-03-13 21:25:41 - [TEST_STEP][PASSED] - if (getName().equals(fileName)): null

2023-03-13 21:25:41 - [TEST_STEP][PASSED] - if (getName().equals(fileName)): null

2023-03-13 21:25:41 - [TEST_STEP][PASSED] - if (getName().equals(fileName)): null

2023-03-13 21:25:41 - [TEST_STEP][PASSED] - if (getName().equals(fileName)): null

2023-03-13 21:25:41 - [TEST_STEP][PASSED] - if (getName().equals(fileName)): null

2023-03-13 21:25:41 - [TEST_STEP][PASSED] - markPassed("File " + fileName + " exists in " + downloadPath): File Streetlogix-EST-1.pdf exists in /Users/kashif/Downloads

2023-03-13 21:25:41 - [MESSAGE][PASSED] - File Streetlogix-EST-1.pdf exists in /Users/kashif/Downloads

2023-03-13 21:25:41 - [TEST_STEP][PASSED] - return true: null

2023-03-13 21:25:41 - [TEST_STEP][PASSED] - closeBrowser(): Browser is closed

2023-03-13 21:25:41 - [MESSAGE][PASSED] - Browser is closed]]></system-out>
         <system-err><![CDATA[]]></system-err>
      </testcase>
      <testcase name="Test Cases/GiS/Budget Estimator/Budget_Estimator_3year" time="257.046" classname="Test Cases/GiS/Budget Estimator/Budget_Estimator_3year" status="FAILED">
         <failure type="FAILED" message="Test Cases/GiS/Budget Estimator/Budget_Estimator_3year FAILED.
Reason:
com.kms.katalon.core.exception.StepFailedException: com.kms.katalon.core.webui.exception.WebElementNotFoundException: Web element with id: '' located by '//*[(text() = '3 Year, Target rating 29' or . = '3 Year, Target rating 29')]' not found (Root cause: com.kms.katalon.core.exception.StepFailedException: com.kms.katalon.core.webui.exception.WebElementNotFoundException: Web element with id: '' located by '//*[(text() = '3 Year, Target rating 29' or . = '3 Year, Target rating 29')]' not found
	at com.kms.katalon.core.webui.keyword.internal.WebUIKeywordMain.stepFailed(WebUIKeywordMain.groovy:64)
	at com.kms.katalon.core.webui.keyword.builtin.VerifyElementPresentKeyword$_verifyElementPresent_closure1.doCall(VerifyElementPresentKeyword.groovy:85)
	at com.kms.katalon.core.webui.keyword.builtin.VerifyElementPresentKeyword$_verifyElementPresent_closure1.call(VerifyElementPresentKeyword.groovy)
	at com.kms.katalon.core.webui.keyword.internal.WebUIKeywordMain.runKeyword(WebUIKeywordMain.groovy:20)
	at com.kms.katalon.core.webui.keyword.builtin.VerifyElementPresentKeyword.verifyElementPresent(VerifyElementPresentKeyword.groovy:92)
	at com.kms.katalon.core.webui.keyword.builtin.VerifyElementPresentKeyword.execute(VerifyElementPresentKeyword.groovy:68)
	at com.kms.katalon.core.keyword.internal.KeywordExecutor.executeKeywordForPlatform(KeywordExecutor.groovy:74)
	at com.kms.katalon.core.webui.keyword.WebUiBuiltInKeywords.verifyElementPresent(WebUiBuiltInKeywords.groovy:1464)
	at com.kms.katalon.core.webui.keyword.WebUiBuiltInKeywords$verifyElementPresent$4.call(Unknown Source)
	at Budget_Estimator_3year.run(Budget_Estimator_3year:109)
	at com.kms.katalon.core.main.ScriptEngine.run(ScriptEngine.java:194)
	at com.kms.katalon.core.main.ScriptEngine.runScriptAsRawText(ScriptEngine.java:119)
	at com.kms.katalon.core.main.TestCaseExecutor.runScript(TestCaseExecutor.java:448)
	at com.kms.katalon.core.main.TestCaseExecutor.doExecute(TestCaseExecutor.java:439)
	at com.kms.katalon.core.main.TestCaseExecutor.processExecutionPhase(TestCaseExecutor.java:418)
	at com.kms.katalon.core.main.TestCaseExecutor.accessMainPhase(TestCaseExecutor.java:410)
	at com.kms.katalon.core.main.TestCaseExecutor.execute(TestCaseExecutor.java:285)
	at com.kms.katalon.core.common.CommonExecutor.accessTestCaseMainPhase(CommonExecutor.java:65)
	at com.kms.katalon.core.main.TestSuiteExecutor.accessTestSuiteMainPhase(TestSuiteExecutor.java:151)
	at com.kms.katalon.core.main.TestSuiteExecutor.execute(TestSuiteExecutor.java:106)
	at com.kms.katalon.core.main.TestCaseMain.startTestSuite(TestCaseMain.java:185)
	at com.kms.katalon.core.main.TestCaseMain$startTestSuite$0.call(Unknown Source)
	at TempTestSuite1678724486584.run(TempTestSuite1678724486584.groovy:36)
)
	at com.kms.katalon.core.keyword.internal.KeywordMain.stepFailed(KeywordMain.groovy:39)
	at com.kms.katalon.core.webui.keyword.internal.WebUIKeywordMain.stepFailed(WebUIKeywordMain.groovy:64)
	at com.kms.katalon.core.webui.keyword.builtin.VerifyElementPresentKeyword$_verifyElementPresent_closure1.doCall(VerifyElementPresentKeyword.groovy:85)
	at com.kms.katalon.core.webui.keyword.builtin.VerifyElementPresentKeyword$_verifyElementPresent_closure1.call(VerifyElementPresentKeyword.groovy)
	at com.kms.katalon.core.webui.keyword.internal.WebUIKeywordMain.runKeyword(WebUIKeywordMain.groovy:20)
	at com.kms.katalon.core.webui.keyword.builtin.VerifyElementPresentKeyword.verifyElementPresent(VerifyElementPresentKeyword.groovy:92)
	at com.kms.katalon.core.webui.keyword.builtin.VerifyElementPresentKeyword.execute(VerifyElementPresentKeyword.groovy:68)
	at com.kms.katalon.core.keyword.internal.KeywordExecutor.executeKeywordForPlatform(KeywordExecutor.groovy:74)
	at com.kms.katalon.core.webui.keyword.WebUiBuiltInKeywords.verifyElementPresent(WebUiBuiltInKeywords.groovy:1464)
	at com.kms.katalon.core.webui.keyword.WebUiBuiltInKeywords$verifyElementPresent$4.call(Unknown Source)
	at Budget_Estimator_3year.run(Budget_Estimator_3year:109)
	at com.kms.katalon.core.main.ScriptEngine.run(ScriptEngine.java:194)
	at com.kms.katalon.core.main.ScriptEngine.runScriptAsRawText(ScriptEngine.java:119)
	at com.kms.katalon.core.main.TestCaseExecutor.runScript(TestCaseExecutor.java:448)
	at com.kms.katalon.core.main.TestCaseExecutor.doExecute(TestCaseExecutor.java:439)
	at com.kms.katalon.core.main.TestCaseExecutor.processExecutionPhase(TestCaseExecutor.java:418)
	at com.kms.katalon.core.main.TestCaseExecutor.accessMainPhase(TestCaseExecutor.java:410)
	at com.kms.katalon.core.main.TestCaseExecutor.execute(TestCaseExecutor.java:285)
	at com.kms.katalon.core.common.CommonExecutor.accessTestCaseMainPhase(CommonExecutor.java:65)
	at com.kms.katalon.core.main.TestSuiteExecutor.accessTestSuiteMainPhase(TestSuiteExecutor.java:151)
	at com.kms.katalon.core.main.TestSuiteExecutor.execute(TestSuiteExecutor.java:106)
	at com.kms.katalon.core.main.TestCaseMain.startTestSuite(TestCaseMain.java:185)
	at com.kms.katalon.core.main.TestCaseMain$startTestSuite$0.call(Unknown Source)
	at TempTestSuite1678724486584.run(TempTestSuite1678724486584.groovy:36)
Caused by: com.kms.katalon.core.exception.StepFailedException: com.kms.katalon.core.webui.exception.WebElementNotFoundException: Web element with id: '' located by '//*[(text() = '3 Year, Target rating 29' or . = '3 Year, Target rating 29')]' not found
	... 23 more
"/>
         <system-out><![CDATA[2023-03-13 21:25:41 - [TEST_CASE][FAILED] - Test Cases/GiS/Budget Estimator/Budget_Estimator_3year: Test Cases/GiS/Budget Estimator/Budget_Estimator_3year FAILED.
Reason:
com.kms.katalon.core.exception.StepFailedException: com.kms.katalon.core.webui.exception.WebElementNotFoundException: Web element with id: '' located by '//*[(text() = '3 Year, Target rating 29' or . = '3 Year, Target rating 29')]' not found (Root cause: com.kms.katalon.core.exception.StepFailedException: com.kms.katalon.core.webui.exception.WebElementNotFoundException: Web element with id: '' located by '//*[(text() = '3 Year, Target rating 29' or . = '3 Year, Target rating 29')]' not found
	at com.kms.katalon.core.webui.keyword.internal.WebUIKeywordMain.stepFailed(WebUIKeywordMain.groovy:64)
	at com.kms.katalon.core.webui.keyword.builtin.VerifyElementPresentKeyword$_verifyElementPresent_closure1.doCall(VerifyElementPresentKeyword.groovy:85)
	at com.kms.katalon.core.webui.keyword.builtin.VerifyElementPresentKeyword$_verifyElementPresent_closure1.call(VerifyElementPresentKeyword.groovy)
	at com.kms.katalon.core.webui.keyword.internal.WebUIKeywordMain.runKeyword(WebUIKeywordMain.groovy:20)
	at com.kms.katalon.core.webui.keyword.builtin.VerifyElementPresentKeyword.verifyElementPresent(VerifyElementPresentKeyword.groovy:92)
	at com.kms.katalon.core.webui.keyword.builtin.VerifyElementPresentKeyword.execute(VerifyElementPresentKeyword.groovy:68)
	at com.kms.katalon.core.keyword.internal.KeywordExecutor.executeKeywordForPlatform(KeywordExecutor.groovy:74)
	at com.kms.katalon.core.webui.keyword.WebUiBuiltInKeywords.verifyElementPresent(WebUiBuiltInKeywords.groovy:1464)
	at com.kms.katalon.core.webui.keyword.WebUiBuiltInKeywords$verifyElementPresent$4.call(Unknown Source)
	at Budget_Estimator_3year.run(Budget_Estimator_3year:109)
	at com.kms.katalon.core.main.ScriptEngine.run(ScriptEngine.java:194)
	at com.kms.katalon.core.main.ScriptEngine.runScriptAsRawText(ScriptEngine.java:119)
	at com.kms.katalon.core.main.TestCaseExecutor.runScript(TestCaseExecutor.java:448)
	at com.kms.katalon.core.main.TestCaseExecutor.doExecute(TestCaseExecutor.java:439)
	at com.kms.katalon.core.main.TestCaseExecutor.processExecutionPhase(TestCaseExecutor.java:418)
	at com.kms.katalon.core.main.TestCaseExecutor.accessMainPhase(TestCaseExecutor.java:410)
	at com.kms.katalon.core.main.TestCaseExecutor.execute(TestCaseExecutor.java:285)
	at com.kms.katalon.core.common.CommonExecutor.accessTestCaseMainPhase(CommonExecutor.java:65)
	at com.kms.katalon.core.main.TestSuiteExecutor.accessTestSuiteMainPhase(TestSuiteExecutor.java:151)
	at com.kms.katalon.core.main.TestSuiteExecutor.execute(TestSuiteExecutor.java:106)
	at com.kms.katalon.core.main.TestCaseMain.startTestSuite(TestCaseMain.java:185)
	at com.kms.katalon.core.main.TestCaseMain$startTestSuite$0.call(Unknown Source)
	at TempTestSuite1678724486584.run(TempTestSuite1678724486584.groovy:36)
)
	at com.kms.katalon.core.keyword.internal.KeywordMain.stepFailed(KeywordMain.groovy:39)
	at com.kms.katalon.core.webui.keyword.internal.WebUIKeywordMain.stepFailed(WebUIKeywordMain.groovy:64)
	at com.kms.katalon.core.webui.keyword.builtin.VerifyElementPresentKeyword$_verifyElementPresent_closure1.doCall(VerifyElementPresentKeyword.groovy:85)
	at com.kms.katalon.core.webui.keyword.builtin.VerifyElementPresentKeyword$_verifyElementPresent_closure1.call(VerifyElementPresentKeyword.groovy)
	at com.kms.katalon.core.webui.keyword.internal.WebUIKeywordMain.runKeyword(WebUIKeywordMain.groovy:20)
	at com.kms.katalon.core.webui.keyword.builtin.VerifyElementPresentKeyword.verifyElementPresent(VerifyElementPresentKeyword.groovy:92)
	at com.kms.katalon.core.webui.keyword.builtin.VerifyElementPresentKeyword.execute(VerifyElementPresentKeyword.groovy:68)
	at com.kms.katalon.core.keyword.internal.KeywordExecutor.executeKeywordForPlatform(KeywordExecutor.groovy:74)
	at com.kms.katalon.core.webui.keyword.WebUiBuiltInKeywords.verifyElementPresent(WebUiBuiltInKeywords.groovy:1464)
	at com.kms.katalon.core.webui.keyword.WebUiBuiltInKeywords$verifyElementPresent$4.call(Unknown Source)
	at Budget_Estimator_3year.run(Budget_Estimator_3year:109)
	at com.kms.katalon.core.main.ScriptEngine.run(ScriptEngine.java:194)
	at com.kms.katalon.core.main.ScriptEngine.runScriptAsRawText(ScriptEngine.java:119)
	at com.kms.katalon.core.main.TestCaseExecutor.runScript(TestCaseExecutor.java:448)
	at com.kms.katalon.core.main.TestCaseExecutor.doExecute(TestCaseExecutor.java:439)
	at com.kms.katalon.core.main.TestCaseExecutor.processExecutionPhase(TestCaseExecutor.java:418)
	at com.kms.katalon.core.main.TestCaseExecutor.accessMainPhase(TestCaseExecutor.java:410)
	at com.kms.katalon.core.main.TestCaseExecutor.execute(TestCaseExecutor.java:285)
	at com.kms.katalon.core.common.CommonExecutor.accessTestCaseMainPhase(CommonExecutor.java:65)
	at com.kms.katalon.core.main.TestSuiteExecutor.accessTestSuiteMainPhase(TestSuiteExecutor.java:151)
	at com.kms.katalon.core.main.TestSuiteExecutor.execute(TestSuiteExecutor.java:106)
	at com.kms.katalon.core.main.TestCaseMain.startTestSuite(TestCaseMain.java:185)
	at com.kms.katalon.core.main.TestCaseMain$startTestSuite$0.call(Unknown Source)
	at TempTestSuite1678724486584.run(TempTestSuite1678724486584.groovy:36)
Caused by: com.kms.katalon.core.exception.StepFailedException: com.kms.katalon.core.webui.exception.WebElementNotFoundException: Web element with id: '' located by '//*[(text() = '3 Year, Target rating 29' or . = '3 Year, Target rating 29')]' not found
	... 23 more


2023-03-13 21:25:41 - [TEST_STEP][PASSED] - gis_url.test.URL.redirectURL(): gis_url.test.URL.redirectURL is PASSED

2023-03-13 21:25:41 - [MESSAGE][INFO] - Starting 'Chrome' driver

2023-03-13 21:25:41 - [MESSAGE][INFO] - Action delay is set to 0 milliseconds

2023-03-13 21:25:44 - [MESSAGE][PASSED] - Browser is opened with url: 'https://streetlogix-gis-slx4-develop.vercel.app/?config=64077fc938af4bcc9a46a81d8f4e5576&token=eyJhbGciOiJIUzI1NiIsInR5cCI6IkpXVCJ9.eyJpZCI6OTc2LCJuYW1lIjoiU29oYWliIE5laGFsIiwiZXhwIjoxNjgwNjgwOTg3LCJpYXQiOjE2NzgwODg5ODd9.hALLa1SO64ZYI--CeYjMno4uFOCwR9lK0Lzo7eCUaPk'

2023-03-13 21:25:44 - [MESSAGE][PASSED] - gis_url.test.URL.redirectURL is PASSED

2023-03-13 21:25:44 - [TEST_STEP][PASSED] - delay(15): Delayed 15 second(s)

2023-03-13 21:25:59 - [MESSAGE][PASSED] - Delayed 15 second(s)

2023-03-13 21:25:59 - [TEST_STEP][PASSED] - click(findTestObject("EBP_Object/Page_Streetlogix/Menubar-icon")): Object: 'Object Repository/EBP_Object/Page_Streetlogix/Menubar-icon' is clicked on

2023-03-13 21:26:29 - [MESSAGE][PASSED] - Object: 'Object Repository/EBP_Object/Page_Streetlogix/Menubar-icon' is clicked on

2023-03-13 21:26:29 - [TEST_STEP][PASSED] - delay(10): Delayed 10 second(s)

2023-03-13 21:26:39 - [MESSAGE][PASSED] - Delayed 10 second(s)

2023-03-13 21:26:39 - [TEST_STEP][PASSED] - click(findTestObject("Object Repository/EBP_Object/Page_Streetlogix/div_Budget Estimator")): Object: 'Object Repository/EBP_Object/Page_Streetlogix/div_Budget Estimator' is clicked on

2023-03-13 21:26:48 - [MESSAGE][PASSED] - Object: 'Object Repository/EBP_Object/Page_Streetlogix/div_Budget Estimator' is clicked on

2023-03-13 21:26:48 - [TEST_STEP][PASSED] - Asset = getText(findTestObject("Compare Scenarios/div_Pavement Maintenance")): Text of object 'Object Repository/Compare Scenarios/div_Pavement Maintenance' is: 'Pavement Maintenance'

2023-03-13 21:26:50 - [MESSAGE][PASSED] - Text of object 'Object Repository/Compare Scenarios/div_Pavement Maintenance' is: 'Pavement Maintenance'

2023-03-13 21:26:50 - [TEST_STEP][PASSED] - Scenarioname = "EST 3": null

2023-03-13 21:26:50 - [TEST_STEP][PASSED] - Totalyears = "3": null

2023-03-13 21:26:50 - [TEST_STEP][PASSED] - Inflation = "5": null

2023-03-13 21:26:50 - [TEST_STEP][PASSED] - sendKeys(findTestObject("Object Repository/EBP_Object/Page_Streetlogix/input_Scenario Name_scenarioName"), Keys.chord(COMMAND, "a")): Keys 'COMMAND + a' sent to object: 'Object Repository/EBP_Object/Page_Streetlogix/input_Scenario Name_scenarioName'

2023-03-13 21:26:52 - [MESSAGE][PASSED] - Keys 'COMMAND + a' sent to object: 'Object Repository/EBP_Object/Page_Streetlogix/input_Scenario Name_scenarioName'

2023-03-13 21:26:52 - [TEST_STEP][PASSED] - sendKeys(findTestObject("Object Repository/EBP_Object/Page_Streetlogix/input_Scenario Name_scenarioName"), Keys.chord(DELETE)): Keys 'DELETE + ' sent to object: 'Object Repository/EBP_Object/Page_Streetlogix/input_Scenario Name_scenarioName'

2023-03-13 21:26:53 - [MESSAGE][PASSED] - Keys 'DELETE + ' sent to object: 'Object Repository/EBP_Object/Page_Streetlogix/input_Scenario Name_scenarioName'

2023-03-13 21:26:53 - [TEST_STEP][PASSED] - setText(findTestObject("Object Repository/EBP_Object/Page_Streetlogix/input_Scenario Name_scenarioName"), Scenarioname): Text 'EST 3' is set on object 'Object Repository/EBP_Object/Page_Streetlogix/input_Scenario Name_scenarioName'

2023-03-13 21:26:54 - [MESSAGE][PASSED] - Text 'EST 3' is set on object 'Object Repository/EBP_Object/Page_Streetlogix/input_Scenario Name_scenarioName'

2023-03-13 21:26:54 - [TEST_STEP][PASSED] - sendKeys(findTestObject("Object Repository/EBP_Object/Page_Streetlogix/input_Program duration_programDuration"), Keys.chord(COMMAND, "a")): Keys 'COMMAND + a' sent to object: 'Object Repository/EBP_Object/Page_Streetlogix/input_Program duration_programDuration'

2023-03-13 21:26:54 - [MESSAGE][PASSED] - Keys 'COMMAND + a' sent to object: 'Object Repository/EBP_Object/Page_Streetlogix/input_Program duration_programDuration'

2023-03-13 21:26:54 - [TEST_STEP][PASSED] - sendKeys(findTestObject("Object Repository/EBP_Object/Page_Streetlogix/input_Program duration_programDuration"), Keys.chord(DELETE)): Keys 'DELETE + ' sent to object: 'Object Repository/EBP_Object/Page_Streetlogix/input_Program duration_programDuration'

2023-03-13 21:26:55 - [MESSAGE][PASSED] - Keys 'DELETE + ' sent to object: 'Object Repository/EBP_Object/Page_Streetlogix/input_Program duration_programDuration'

2023-03-13 21:26:55 - [TEST_STEP][PASSED] - setText(findTestObject("Object Repository/EBP_Object/Page_Streetlogix/input_Program duration_programDuration"), Totalyears): Text '3' is set on object 'Object Repository/EBP_Object/Page_Streetlogix/input_Program duration_programDuration'

2023-03-13 21:26:56 - [MESSAGE][PASSED] - Text '3' is set on object 'Object Repository/EBP_Object/Page_Streetlogix/input_Program duration_programDuration'

2023-03-13 21:26:56 - [TEST_STEP][PASSED] - AvgCI = getText(findTestObject("EBP_Object/Page_Streetlogix/Average_condition_index")): Text of object 'Object Repository/EBP_Object/Page_Streetlogix/Average_condition_index' is: '27.95'

2023-03-13 21:26:56 - [MESSAGE][PASSED] - Text of object 'Object Repository/EBP_Object/Page_Streetlogix/Average_condition_index' is: '27.95'

2023-03-13 21:26:56 - [TEST_STEP][PASSED] - AvgCIdouble = AvgCI.toDouble(): null

2023-03-13 21:26:56 - [TEST_STEP][PASSED] - AvgCIround = Math.round(AvgCIdouble): null

2023-03-13 21:26:56 - [TEST_STEP][PASSED] - TargetCI = AvgCIround + 1: null

2023-03-13 21:26:56 - [TEST_STEP][PASSED] - Totalyear1 = Totalyears + " Year": null

2023-03-13 21:26:56 - [TEST_STEP][PASSED] - InflationSummary = Inflation + "%": null

2023-03-13 21:26:56 - [TEST_STEP][PASSED] - TargetCIfloat = TargetCI + ".00": null

2023-03-13 21:26:56 - [TEST_STEP][PASSED] - setText(findTestObject("Object Repository/EBP_Object/Page_Streetlogix/input_Target Condition Index_target_rating"), $TargetCI): Text '29' is set on object 'Object Repository/EBP_Object/Page_Streetlogix/input_Target Condition Index_target_rating'

2023-03-13 21:26:57 - [MESSAGE][PASSED] - Text '29' is set on object 'Object Repository/EBP_Object/Page_Streetlogix/input_Target Condition Index_target_rating'

2023-03-13 21:26:57 - [TEST_STEP][PASSED] - sendKeys(findTestObject("Object Repository/EBP_Object/Page_Streetlogix/input_Annual Inflation_annualInflation"), Keys.chord(COMMAND, "a")): Keys 'COMMAND + a' sent to object: 'Object Repository/EBP_Object/Page_Streetlogix/input_Annual Inflation_annualInflation'

2023-03-13 21:26:58 - [MESSAGE][PASSED] - Keys 'COMMAND + a' sent to object: 'Object Repository/EBP_Object/Page_Streetlogix/input_Annual Inflation_annualInflation'

2023-03-13 21:26:58 - [TEST_STEP][PASSED] - sendKeys(findTestObject("Object Repository/EBP_Object/Page_Streetlogix/input_Annual Inflation_annualInflation"), Keys.chord(DELETE)): Keys 'DELETE + ' sent to object: 'Object Repository/EBP_Object/Page_Streetlogix/input_Annual Inflation_annualInflation'

2023-03-13 21:26:58 - [MESSAGE][PASSED] - Keys 'DELETE + ' sent to object: 'Object Repository/EBP_Object/Page_Streetlogix/input_Annual Inflation_annualInflation'

2023-03-13 21:26:58 - [TEST_STEP][PASSED] - setText(findTestObject("Object Repository/EBP_Object/Page_Streetlogix/input_Annual Inflation_annualInflation"), Inflation): Text '5' is set on object 'Object Repository/EBP_Object/Page_Streetlogix/input_Annual Inflation_annualInflation'

2023-03-13 21:26:59 - [MESSAGE][PASSED] - Text '5' is set on object 'Object Repository/EBP_Object/Page_Streetlogix/input_Annual Inflation_annualInflation'

2023-03-13 21:26:59 - [TEST_STEP][PASSED] - click(findTestObject("Object Repository/EBP_Object/Page_Streetlogix/span_Calculate")): Object: 'Object Repository/EBP_Object/Page_Streetlogix/span_Calculate' is clicked on

2023-03-13 21:27:00 - [MESSAGE][PASSED] - Object: 'Object Repository/EBP_Object/Page_Streetlogix/span_Calculate' is clicked on

2023-03-13 21:27:00 - [TEST_STEP][PASSED] - delay(20): Delayed 20 second(s)

2023-03-13 21:27:20 - [MESSAGE][PASSED] - Delayed 20 second(s)

2023-03-13 21:27:20 - [TEST_STEP][PASSED] - click(findTestObject("Object Repository/EBP_Object/Page_Streetlogix/span_Load")): Object: 'Object Repository/EBP_Object/Page_Streetlogix/span_Load' is clicked on

2023-03-13 21:27:20 - [MESSAGE][PASSED] - Object: 'Object Repository/EBP_Object/Page_Streetlogix/span_Load' is clicked on

2023-03-13 21:27:20 - [TEST_STEP][PASSED] - delay(5): Delayed 5 second(s)

2023-03-13 21:27:25 - [MESSAGE][PASSED] - Delayed 5 second(s)

2023-03-13 21:27:25 - [TEST_STEP][PASSED] - Sname = TestObject().addProperty("text", EQUALS, Scenarioname): null

2023-03-13 21:27:25 - [TEST_STEP][PASSED] - click(Sname): Object: '' is clicked on

2023-03-13 21:27:25 - [MESSAGE][PASSED] - Object: '' is clicked on

2023-03-13 21:27:26 - [TEST_STEP][PASSED] - summary = Totalyears + " Year, Target rating " + TargetCI: null

2023-03-13 21:27:26 - [TEST_STEP][PASSED] - ActualSummary = getText(findTestObject("Object Repository/EBP_Object/Page_Streetlogix/Estimator_summary")): Text of object 'Object Repository/EBP_Object/Page_Streetlogix/Estimator_summary' is: '3 Years, Target rating 29'

2023-03-13 21:27:31 - [MESSAGE][PASSED] - Text of object 'Object Repository/EBP_Object/Page_Streetlogix/Estimator_summary' is: '3 Years, Target rating 29'

2023-03-13 21:27:31 - [TEST_STEP][PASSED] - Expectedsummary = TestObject().addProperty("text", EQUALS, summary): null

2023-03-13 21:27:31 - [TEST_STEP][FAILED] - verifyElementPresent(Expectedsummary, 5): com.kms.katalon.core.webui.exception.WebElementNotFoundException: Web element with id: '' located by '//*[(text() = '3 Year, Target rating 29' or . = '3 Year, Target rating 29')]' not found (Root cause: com.kms.katalon.core.exception.StepFailedException: com.kms.katalon.core.webui.exception.WebElementNotFoundException: Web element with id: '' located by '//*[(text() = '3 Year, Target rating 29' or . = '3 Year, Target rating 29')]' not found
	at com.kms.katalon.core.webui.keyword.internal.WebUIKeywordMain.stepFailed(WebUIKeywordMain.groovy:64)
	at com.kms.katalon.core.webui.keyword.builtin.VerifyElementPresentKeyword$_verifyElementPresent_closure1.doCall(VerifyElementPresentKeyword.groovy:85)
	at com.kms.katalon.core.webui.keyword.builtin.VerifyElementPresentKeyword$_verifyElementPresent_closure1.call(VerifyElementPresentKeyword.groovy)
	at com.kms.katalon.core.webui.keyword.internal.WebUIKeywordMain.runKeyword(WebUIKeywordMain.groovy:20)
	at com.kms.katalon.core.webui.keyword.builtin.VerifyElementPresentKeyword.verifyElementPresent(VerifyElementPresentKeyword.groovy:92)
	at com.kms.katalon.core.webui.keyword.builtin.VerifyElementPresentKeyword.execute(VerifyElementPresentKeyword.groovy:68)
	at com.kms.katalon.core.keyword.internal.KeywordExecutor.executeKeywordForPlatform(KeywordExecutor.groovy:74)
	at com.kms.katalon.core.webui.keyword.WebUiBuiltInKeywords.verifyElementPresent(WebUiBuiltInKeywords.groovy:1464)
	at com.kms.katalon.core.webui.keyword.WebUiBuiltInKeywords$verifyElementPresent$4.call(Unknown Source)
	at Budget_Estimator_3year.run(Budget_Estimator_3year:109)
	at com.kms.katalon.core.main.ScriptEngine.run(ScriptEngine.java:194)
	at com.kms.katalon.core.main.ScriptEngine.runScriptAsRawText(ScriptEngine.java:119)
	at com.kms.katalon.core.main.TestCaseExecutor.runScript(TestCaseExecutor.java:448)
	at com.kms.katalon.core.main.TestCaseExecutor.doExecute(TestCaseExecutor.java:439)
	at com.kms.katalon.core.main.TestCaseExecutor.processExecutionPhase(TestCaseExecutor.java:418)
	at com.kms.katalon.core.main.TestCaseExecutor.accessMainPhase(TestCaseExecutor.java:410)
	at com.kms.katalon.core.main.TestCaseExecutor.execute(TestCaseExecutor.java:285)
	at com.kms.katalon.core.common.CommonExecutor.accessTestCaseMainPhase(CommonExecutor.java:65)
	at com.kms.katalon.core.main.TestSuiteExecutor.accessTestSuiteMainPhase(TestSuiteExecutor.java:151)
	at com.kms.katalon.core.main.TestSuiteExecutor.execute(TestSuiteExecutor.java:106)
	at com.kms.katalon.core.main.TestCaseMain.startTestSuite(TestCaseMain.java:185)
	at com.kms.katalon.core.main.TestCaseMain$startTestSuite$0.call(Unknown Source)
	at TempTestSuite1678724486584.run(TempTestSuite1678724486584.groovy:36)
)

2023-03-13 21:27:37 - [MESSAGE][INFO] - Unable to find the element located by 'By.xpath: //*[(text() = '3 Year, Target rating 29' or . = '3 Year, Target rating 29')]'. Please recheck the objects properties to make sure the desired element is located. 

2023-03-13 21:27:38 - [MESSAGE][FAILED] - com.kms.katalon.core.webui.exception.WebElementNotFoundException: Web element with id: '' located by '//*[(text() = '3 Year, Target rating 29' or . = '3 Year, Target rating 29')]' not found (Root cause: com.kms.katalon.core.exception.StepFailedException: com.kms.katalon.core.webui.exception.WebElementNotFoundException: Web element with id: '' located by '//*[(text() = '3 Year, Target rating 29' or . = '3 Year, Target rating 29')]' not found
	at com.kms.katalon.core.webui.keyword.internal.WebUIKeywordMain.stepFailed(WebUIKeywordMain.groovy:64)
	at com.kms.katalon.core.webui.keyword.builtin.VerifyElementPresentKeyword$_verifyElementPresent_closure1.doCall(VerifyElementPresentKeyword.groovy:85)
	at com.kms.katalon.core.webui.keyword.builtin.VerifyElementPresentKeyword$_verifyElementPresent_closure1.call(VerifyElementPresentKeyword.groovy)
	at com.kms.katalon.core.webui.keyword.internal.WebUIKeywordMain.runKeyword(WebUIKeywordMain.groovy:20)
	at com.kms.katalon.core.webui.keyword.builtin.VerifyElementPresentKeyword.verifyElementPresent(VerifyElementPresentKeyword.groovy:92)
	at com.kms.katalon.core.webui.keyword.builtin.VerifyElementPresentKeyword.execute(VerifyElementPresentKeyword.groovy:68)
	at com.kms.katalon.core.keyword.internal.KeywordExecutor.executeKeywordForPlatform(KeywordExecutor.groovy:74)
	at com.kms.katalon.core.webui.keyword.WebUiBuiltInKeywords.verifyElementPresent(WebUiBuiltInKeywords.groovy:1464)
	at com.kms.katalon.core.webui.keyword.WebUiBuiltInKeywords$verifyElementPresent$4.call(Unknown Source)
	at Budget_Estimator_3year.run(Budget_Estimator_3year:109)
	at com.kms.katalon.core.main.ScriptEngine.run(ScriptEngine.java:194)
	at com.kms.katalon.core.main.ScriptEngine.runScriptAsRawText(ScriptEngine.java:119)
	at com.kms.katalon.core.main.TestCaseExecutor.runScript(TestCaseExecutor.java:448)
	at com.kms.katalon.core.main.TestCaseExecutor.doExecute(TestCaseExecutor.java:439)
	at com.kms.katalon.core.main.TestCaseExecutor.processExecutionPhase(TestCaseExecutor.java:418)
	at com.kms.katalon.core.main.TestCaseExecutor.accessMainPhase(TestCaseExecutor.java:410)
	at com.kms.katalon.core.main.TestCaseExecutor.execute(TestCaseExecutor.java:285)
	at com.kms.katalon.core.common.CommonExecutor.accessTestCaseMainPhase(CommonExecutor.java:65)
	at com.kms.katalon.core.main.TestSuiteExecutor.accessTestSuiteMainPhase(TestSuiteExecutor.java:151)
	at com.kms.katalon.core.main.TestSuiteExecutor.execute(TestSuiteExecutor.java:106)
	at com.kms.katalon.core.main.TestCaseMain.startTestSuite(TestCaseMain.java:185)
	at com.kms.katalon.core.main.TestCaseMain$startTestSuite$0.call(Unknown Source)
	at TempTestSuite1678724486584.run(TempTestSuite1678724486584.groovy:36)
)
[[ATTACHMENT|/Users/kashif/git/Streetlogix_4.01/Reports/20230313_212124/Budget temp/20230313_212126/1678724857431.png]]

2023-03-13 21:27:38 - [TEST_STEP][PASSED] - AssetSummary = getText(findTestObject("EBP_Object/Page_Streetlogix/Asset_name")): Text of object 'Object Repository/EBP_Object/Page_Streetlogix/Asset_name' is: 'Pavement'

2023-03-13 21:27:38 - [MESSAGE][PASSED] - Text of object 'Object Repository/EBP_Object/Page_Streetlogix/Asset_name' is: 'Pavement'

2023-03-13 21:27:38 - [TEST_STEP][PASSED] - Totalyear2 = getText(findTestObject("Object Repository/EBP_Object/Page_Streetlogix/Program_duration_1year")): Text of object 'Object Repository/EBP_Object/Page_Streetlogix/Program_duration_1year' is: '3 Years'

2023-03-13 21:27:38 - [MESSAGE][PASSED] - Text of object 'Object Repository/EBP_Object/Page_Streetlogix/Program_duration_1year' is: '3 Years'

2023-03-13 21:27:38 - [TEST_STEP][FAILED] - verifyMatch(Totalyear2, Totalyear1, false): Unable to verify match between actual text '3 Years' and expected text '3 Year' (Root cause: com.kms.katalon.core.exception.StepFailedException: Actual text '3 Years' and expected text '3 Year' are not matched
	at com.kms.katalon.core.keyword.builtin.VerifyMatchKeyword$_verifyMatch_closure1.doCall(VerifyMatchKeyword.groovy:57)
	at com.kms.katalon.core.keyword.builtin.VerifyMatchKeyword$_verifyMatch_closure1.call(VerifyMatchKeyword.groovy)
	at com.kms.katalon.core.keyword.internal.KeywordMain.runKeyword(KeywordMain.groovy:74)
	at com.kms.katalon.core.keyword.builtin.VerifyMatchKeyword.verifyMatch(VerifyMatchKeyword.groovy:60)
	at com.kms.katalon.core.keyword.builtin.VerifyMatchKeyword.execute(VerifyMatchKeyword.groovy:45)
	at com.kms.katalon.core.keyword.internal.KeywordExecutor.executeKeywordForPlatform(KeywordExecutor.groovy:74)
	at com.kms.katalon.core.keyword.BuiltinKeywords.verifyMatch(BuiltinKeywords.groovy:73)
	at Budget_Estimator_3year.run(Budget_Estimator_3year:118)
	at com.kms.katalon.core.main.ScriptEngine.run(ScriptEngine.java:194)
	at com.kms.katalon.core.main.ScriptEngine.runScriptAsRawText(ScriptEngine.java:119)
	at com.kms.katalon.core.main.TestCaseExecutor.runScript(TestCaseExecutor.java:448)
	at com.kms.katalon.core.main.TestCaseExecutor.doExecute(TestCaseExecutor.java:439)
	at com.kms.katalon.core.main.TestCaseExecutor.processExecutionPhase(TestCaseExecutor.java:418)
	at com.kms.katalon.core.main.TestCaseExecutor.accessMainPhase(TestCaseExecutor.java:410)
	at com.kms.katalon.core.main.TestCaseExecutor.execute(TestCaseExecutor.java:285)
	at com.kms.katalon.core.common.CommonExecutor.accessTestCaseMainPhase(CommonExecutor.java:65)
	at com.kms.katalon.core.main.TestSuiteExecutor.accessTestSuiteMainPhase(TestSuiteExecutor.java:151)
	at com.kms.katalon.core.main.TestSuiteExecutor.execute(TestSuiteExecutor.java:106)
	at com.kms.katalon.core.main.TestCaseMain.startTestSuite(TestCaseMain.java:185)
	at com.kms.katalon.core.main.TestCaseMain$startTestSuite$0.call(Unknown Source)
	at TempTestSuite1678724486584.run(TempTestSuite1678724486584.groovy:36)
)

2023-03-13 21:27:38 - [MESSAGE][FAILED] - Unable to verify match between actual text '3 Years' and expected text '3 Year' (Root cause: com.kms.katalon.core.exception.StepFailedException: Actual text '3 Years' and expected text '3 Year' are not matched
	at com.kms.katalon.core.keyword.builtin.VerifyMatchKeyword$_verifyMatch_closure1.doCall(VerifyMatchKeyword.groovy:57)
	at com.kms.katalon.core.keyword.builtin.VerifyMatchKeyword$_verifyMatch_closure1.call(VerifyMatchKeyword.groovy)
	at com.kms.katalon.core.keyword.internal.KeywordMain.runKeyword(KeywordMain.groovy:74)
	at com.kms.katalon.core.keyword.builtin.VerifyMatchKeyword.verifyMatch(VerifyMatchKeyword.groovy:60)
	at com.kms.katalon.core.keyword.builtin.VerifyMatchKeyword.execute(VerifyMatchKeyword.groovy:45)
	at com.kms.katalon.core.keyword.internal.KeywordExecutor.executeKeywordForPlatform(KeywordExecutor.groovy:74)
	at com.kms.katalon.core.keyword.BuiltinKeywords.verifyMatch(BuiltinKeywords.groovy:73)
	at Budget_Estimator_3year.run(Budget_Estimator_3year:118)
	at com.kms.katalon.core.main.ScriptEngine.run(ScriptEngine.java:194)
	at com.kms.katalon.core.main.ScriptEngine.runScriptAsRawText(ScriptEngine.java:119)
	at com.kms.katalon.core.main.TestCaseExecutor.runScript(TestCaseExecutor.java:448)
	at com.kms.katalon.core.main.TestCaseExecutor.doExecute(TestCaseExecutor.java:439)
	at com.kms.katalon.core.main.TestCaseExecutor.processExecutionPhase(TestCaseExecutor.java:418)
	at com.kms.katalon.core.main.TestCaseExecutor.accessMainPhase(TestCaseExecutor.java:410)
	at com.kms.katalon.core.main.TestCaseExecutor.execute(TestCaseExecutor.java:285)
	at com.kms.katalon.core.common.CommonExecutor.accessTestCaseMainPhase(CommonExecutor.java:65)
	at com.kms.katalon.core.main.TestSuiteExecutor.accessTestSuiteMainPhase(TestSuiteExecutor.java:151)
	at com.kms.katalon.core.main.TestSuiteExecutor.execute(TestSuiteExecutor.java:106)
	at com.kms.katalon.core.main.TestCaseMain.startTestSuite(TestCaseMain.java:185)
	at com.kms.katalon.core.main.TestCaseMain$startTestSuite$0.call(Unknown Source)
	at TempTestSuite1678724486584.run(TempTestSuite1678724486584.groovy:36)
)

2023-03-13 21:27:38 - [TEST_STEP][PASSED] - click(findTestObject("Object Repository/EBP_Object/Page_Streetlogix/Total cost estimated")): Object: 'Object Repository/EBP_Object/Page_Streetlogix/Total cost estimated' is clicked on

2023-03-13 21:27:39 - [MESSAGE][PASSED] - Object: 'Object Repository/EBP_Object/Page_Streetlogix/Total cost estimated' is clicked on

2023-03-13 21:27:39 - [TEST_STEP][PASSED] - Inflation2 = getText(findTestObject("Object Repository/EBP_Object/Page_Streetlogix/Inflation_5")): Text of object 'Object Repository/EBP_Object/Page_Streetlogix/Inflation_5' is: '5%'

2023-03-13 21:27:40 - [MESSAGE][PASSED] - Text of object 'Object Repository/EBP_Object/Page_Streetlogix/Inflation_5' is: '5%'

2023-03-13 21:27:40 - [TEST_STEP][PASSED] - InflationSummary: null

2023-03-13 21:27:40 - [TEST_STEP][PASSED] - verifyMatch(InflationSummary, Inflation2, false): Actual text '5%' and expected text '5%' are matched 

2023-03-13 21:27:40 - [MESSAGE][PASSED] - Actual text '5%' and expected text '5%' are matched 

2023-03-13 21:27:40 - [TEST_STEP][PASSED] - click(findTestObject("Object Repository/EBP_Object/Page_Streetlogix/h6_pci  0")): Object: 'Object Repository/EBP_Object/Page_Streetlogix/h6_pci  0' is clicked on

2023-03-13 21:27:40 - [MESSAGE][PASSED] - Object: 'Object Repository/EBP_Object/Page_Streetlogix/h6_pci  0' is clicked on

2023-03-13 21:27:40 - [TEST_STEP][PASSED] - DTused = getText(findTestObject("Object Repository/EBP_Object/Page_Streetlogix/h6_DT with PCI ranges")): Text of object 'Object Repository/EBP_Object/Page_Streetlogix/h6_DT with PCI ranges' is: 'DT with PCI ranges'

2023-03-13 21:27:41 - [MESSAGE][PASSED] - Text of object 'Object Repository/EBP_Object/Page_Streetlogix/h6_DT with PCI ranges' is: 'DT with PCI ranges'

2023-03-13 21:27:41 - [TEST_STEP][PASSED] - InuseDT = database_keywords.test.Database_Keywords.getinuseDT(): database_keywords.test.Database_Keywords.getinuseDT is PASSED

2023-03-13 21:27:45 - [MESSAGE][PASSED] - database_keywords.test.Database_Keywords.getinuseDT is PASSED

2023-03-13 21:27:45 - [TEST_STEP][PASSED] - println(InuseDT): null

2023-03-13 21:27:45 - [TEST_STEP][PASSED] - verifyMatch(InuseDT, DTused, false): Actual text 'DT with PCI ranges' and expected text 'DT with PCI ranges' are matched 

2023-03-13 21:27:45 - [MESSAGE][PASSED] - Actual text 'DT with PCI ranges' and expected text 'DT with PCI ranges' are matched 

2023-03-13 21:27:45 - [TEST_STEP][PASSED] - click(findTestObject("EBP_Object/Page_Streetlogix/View_Graph_dropdown")): Object: 'Object Repository/EBP_Object/Page_Streetlogix/View_Graph_dropdown' is clicked on

2023-03-13 21:27:45 - [MESSAGE][PASSED] - Object: 'Object Repository/EBP_Object/Page_Streetlogix/View_Graph_dropdown' is clicked on

2023-03-13 21:27:45 - [TEST_STEP][PASSED] - click(findTestObject("Object Repository/EBP_Object/Page_Streetlogix/li_Table")): Object: 'Object Repository/EBP_Object/Page_Streetlogix/li_Table' is clicked on

2023-03-13 21:27:46 - [MESSAGE][PASSED] - Object: 'Object Repository/EBP_Object/Page_Streetlogix/li_Table' is clicked on

2023-03-13 21:27:46 - [TEST_STEP][PASSED] - delay(5): Delayed 5 second(s)

2023-03-13 21:27:51 - [MESSAGE][PASSED] - Delayed 5 second(s)

2023-03-13 21:27:51 - [TEST_STEP][PASSED] - finalrating = TestObject().addProperty("text", EQUALS, TargetCIfloat): null

2023-03-13 21:27:51 - [TEST_STEP][PASSED] - verifyElementPresent(finalrating, 5): Object '' is present

2023-03-13 21:27:51 - [MESSAGE][PASSED] - Object '' is present

2023-03-13 21:27:51 - [TEST_STEP][PASSED] - click(findTestObject("Object Repository/EBP_Object/Page_Streetlogix/span_Report")): Object: 'Object Repository/EBP_Object/Page_Streetlogix/span_Report' is clicked on

2023-03-13 21:27:52 - [MESSAGE][PASSED] - Object: 'Object Repository/EBP_Object/Page_Streetlogix/span_Report' is clicked on

2023-03-13 21:27:52 - [TEST_STEP][PASSED] - delay(5): Delayed 5 second(s)

2023-03-13 21:27:57 - [MESSAGE][PASSED] - Delayed 5 second(s)

2023-03-13 21:27:57 - [TEST_STEP][PASSED] - click(findTestObject("Object Repository/EBP_Object/Page_Streetlogix/span_Export")): Object: 'Object Repository/EBP_Object/Page_Streetlogix/span_Export' is clicked on

2023-03-13 21:27:57 - [MESSAGE][PASSED] - Object: 'Object Repository/EBP_Object/Page_Streetlogix/span_Export' is clicked on

2023-03-13 21:27:57 - [TEST_STEP][PASSED] - delay(120): Delayed 120 second(s)

2023-03-13 21:29:57 - [MESSAGE][PASSED] - Delayed 120 second(s)

2023-03-13 21:29:57 - [TEST_STEP][PASSED] - click(findTestObject("Object Repository/EBP_Object/Page_Streetlogix/span_Close")): Object: 'Object Repository/EBP_Object/Page_Streetlogix/span_Close' is clicked on

2023-03-13 21:29:58 - [MESSAGE][PASSED] - Object: 'Object Repository/EBP_Object/Page_Streetlogix/span_Close' is clicked on

2023-03-13 21:29:58 - [TEST_STEP][PASSED] - isFileDownloaded("Streetlogix-EST-3.pdf"): null

2023-03-13 21:29:58 - [TEST_STEP][PASSED] - downloadPath = "/Users/kashif/Downloads": null

2023-03-13 21:29:58 - [TEST_STEP][PASSED] - dir = new java.io.File(downloadPath): null

2023-03-13 21:29:58 - [TEST_STEP][PASSED] - files = dir.listFiles(): null

2023-03-13 21:29:58 - [TEST_STEP][PASSED] - for (File file : files): null

2023-03-13 21:29:58 - [TEST_STEP][PASSED] - if (getName().equals(fileName)): null

2023-03-13 21:29:58 - [TEST_STEP][PASSED] - if (getName().equals(fileName)): null

2023-03-13 21:29:58 - [TEST_STEP][PASSED] - if (getName().equals(fileName)): null

2023-03-13 21:29:58 - [TEST_STEP][PASSED] - if (getName().equals(fileName)): null

2023-03-13 21:29:58 - [TEST_STEP][PASSED] - if (getName().equals(fileName)): null

2023-03-13 21:29:58 - [TEST_STEP][PASSED] - if (getName().equals(fileName)): null

2023-03-13 21:29:58 - [TEST_STEP][PASSED] - if (getName().equals(fileName)): null

2023-03-13 21:29:58 - [TEST_STEP][PASSED] - if (getName().equals(fileName)): null

2023-03-13 21:29:58 - [TEST_STEP][PASSED] - if (getName().equals(fileName)): null

2023-03-13 21:29:58 - [TEST_STEP][PASSED] - if (getName().equals(fileName)): null

2023-03-13 21:29:58 - [TEST_STEP][PASSED] - if (getName().equals(fileName)): null

2023-03-13 21:29:58 - [TEST_STEP][PASSED] - if (getName().equals(fileName)): null

2023-03-13 21:29:58 - [TEST_STEP][PASSED] - if (getName().equals(fileName)): null

2023-03-13 21:29:58 - [TEST_STEP][PASSED] - if (getName().equals(fileName)): null

2023-03-13 21:29:58 - [TEST_STEP][PASSED] - if (getName().equals(fileName)): null

2023-03-13 21:29:58 - [TEST_STEP][PASSED] - if (getName().equals(fileName)): null

2023-03-13 21:29:58 - [TEST_STEP][PASSED] - if (getName().equals(fileName)): null

2023-03-13 21:29:58 - [TEST_STEP][PASSED] - if (getName().equals(fileName)): null

2023-03-13 21:29:58 - [TEST_STEP][PASSED] - if (getName().equals(fileName)): null

2023-03-13 21:29:58 - [TEST_STEP][PASSED] - if (getName().equals(fileName)): null

2023-03-13 21:29:58 - [TEST_STEP][PASSED] - if (getName().equals(fileName)): null

2023-03-13 21:29:58 - [TEST_STEP][PASSED] - if (getName().equals(fileName)): null

2023-03-13 21:29:58 - [TEST_STEP][PASSED] - if (getName().equals(fileName)): null

2023-03-13 21:29:58 - [TEST_STEP][PASSED] - if (getName().equals(fileName)): null

2023-03-13 21:29:58 - [TEST_STEP][PASSED] - if (getName().equals(fileName)): null

2023-03-13 21:29:58 - [TEST_STEP][PASSED] - if (getName().equals(fileName)): null

2023-03-13 21:29:58 - [TEST_STEP][PASSED] - if (getName().equals(fileName)): null

2023-03-13 21:29:58 - [TEST_STEP][PASSED] - if (getName().equals(fileName)): null

2023-03-13 21:29:58 - [TEST_STEP][PASSED] - if (getName().equals(fileName)): null

2023-03-13 21:29:58 - [TEST_STEP][PASSED] - if (getName().equals(fileName)): null

2023-03-13 21:29:58 - [TEST_STEP][PASSED] - if (getName().equals(fileName)): null

2023-03-13 21:29:58 - [TEST_STEP][PASSED] - if (getName().equals(fileName)): null

2023-03-13 21:29:58 - [TEST_STEP][PASSED] - if (getName().equals(fileName)): null

2023-03-13 21:29:58 - [TEST_STEP][PASSED] - if (getName().equals(fileName)): null

2023-03-13 21:29:58 - [TEST_STEP][PASSED] - if (getName().equals(fileName)): null

2023-03-13 21:29:58 - [TEST_STEP][PASSED] - if (getName().equals(fileName)): null

2023-03-13 21:29:58 - [TEST_STEP][PASSED] - if (getName().equals(fileName)): null

2023-03-13 21:29:58 - [TEST_STEP][PASSED] - if (getName().equals(fileName)): null

2023-03-13 21:29:58 - [TEST_STEP][PASSED] - if (getName().equals(fileName)): null

2023-03-13 21:29:58 - [TEST_STEP][PASSED] - if (getName().equals(fileName)): null

2023-03-13 21:29:58 - [TEST_STEP][PASSED] - if (getName().equals(fileName)): null

2023-03-13 21:29:58 - [TEST_STEP][PASSED] - if (getName().equals(fileName)): null

2023-03-13 21:29:58 - [TEST_STEP][PASSED] - if (getName().equals(fileName)): null

2023-03-13 21:29:58 - [TEST_STEP][PASSED] - if (getName().equals(fileName)): null

2023-03-13 21:29:58 - [TEST_STEP][PASSED] - if (getName().equals(fileName)): null

2023-03-13 21:29:58 - [TEST_STEP][PASSED] - if (getName().equals(fileName)): null

2023-03-13 21:29:58 - [TEST_STEP][PASSED] - if (getName().equals(fileName)): null

2023-03-13 21:29:58 - [TEST_STEP][PASSED] - if (getName().equals(fileName)): null

2023-03-13 21:29:58 - [TEST_STEP][PASSED] - if (getName().equals(fileName)): null

2023-03-13 21:29:58 - [TEST_STEP][PASSED] - if (getName().equals(fileName)): null

2023-03-13 21:29:58 - [TEST_STEP][PASSED] - if (getName().equals(fileName)): null

2023-03-13 21:29:58 - [TEST_STEP][PASSED] - if (getName().equals(fileName)): null

2023-03-13 21:29:58 - [TEST_STEP][PASSED] - if (getName().equals(fileName)): null

2023-03-13 21:29:58 - [TEST_STEP][PASSED] - markPassed("File " + fileName + " exists in " + downloadPath): File Streetlogix-EST-3.pdf exists in /Users/kashif/Downloads

2023-03-13 21:29:58 - [MESSAGE][PASSED] - File Streetlogix-EST-3.pdf exists in /Users/kashif/Downloads

2023-03-13 21:29:58 - [TEST_STEP][PASSED] - return true: null

2023-03-13 21:29:58 - [TEST_STEP][PASSED] - closeBrowser(): Browser is closed

2023-03-13 21:29:58 - [MESSAGE][PASSED] - Browser is closed]]></system-out>
         <system-err><![CDATA[2023-03-13 21:25:41 - [TEST_CASE][FAILED] - Test Cases/GiS/Budget Estimator/Budget_Estimator_3year: Test Cases/GiS/Budget Estimator/Budget_Estimator_3year FAILED.
Reason:
com.kms.katalon.core.exception.StepFailedException: com.kms.katalon.core.webui.exception.WebElementNotFoundException: Web element with id: '' located by '//*[(text() = '3 Year, Target rating 29' or . = '3 Year, Target rating 29')]' not found (Root cause: com.kms.katalon.core.exception.StepFailedException: com.kms.katalon.core.webui.exception.WebElementNotFoundException: Web element with id: '' located by '//*[(text() = '3 Year, Target rating 29' or . = '3 Year, Target rating 29')]' not found
	at com.kms.katalon.core.webui.keyword.internal.WebUIKeywordMain.stepFailed(WebUIKeywordMain.groovy:64)
	at com.kms.katalon.core.webui.keyword.builtin.VerifyElementPresentKeyword$_verifyElementPresent_closure1.doCall(VerifyElementPresentKeyword.groovy:85)
	at com.kms.katalon.core.webui.keyword.builtin.VerifyElementPresentKeyword$_verifyElementPresent_closure1.call(VerifyElementPresentKeyword.groovy)
	at com.kms.katalon.core.webui.keyword.internal.WebUIKeywordMain.runKeyword(WebUIKeywordMain.groovy:20)
	at com.kms.katalon.core.webui.keyword.builtin.VerifyElementPresentKeyword.verifyElementPresent(VerifyElementPresentKeyword.groovy:92)
	at com.kms.katalon.core.webui.keyword.builtin.VerifyElementPresentKeyword.execute(VerifyElementPresentKeyword.groovy:68)
	at com.kms.katalon.core.keyword.internal.KeywordExecutor.executeKeywordForPlatform(KeywordExecutor.groovy:74)
	at com.kms.katalon.core.webui.keyword.WebUiBuiltInKeywords.verifyElementPresent(WebUiBuiltInKeywords.groovy:1464)
	at com.kms.katalon.core.webui.keyword.WebUiBuiltInKeywords$verifyElementPresent$4.call(Unknown Source)
	at Budget_Estimator_3year.run(Budget_Estimator_3year:109)
	at com.kms.katalon.core.main.ScriptEngine.run(ScriptEngine.java:194)
	at com.kms.katalon.core.main.ScriptEngine.runScriptAsRawText(ScriptEngine.java:119)
	at com.kms.katalon.core.main.TestCaseExecutor.runScript(TestCaseExecutor.java:448)
	at com.kms.katalon.core.main.TestCaseExecutor.doExecute(TestCaseExecutor.java:439)
	at com.kms.katalon.core.main.TestCaseExecutor.processExecutionPhase(TestCaseExecutor.java:418)
	at com.kms.katalon.core.main.TestCaseExecutor.accessMainPhase(TestCaseExecutor.java:410)
	at com.kms.katalon.core.main.TestCaseExecutor.execute(TestCaseExecutor.java:285)
	at com.kms.katalon.core.common.CommonExecutor.accessTestCaseMainPhase(CommonExecutor.java:65)
	at com.kms.katalon.core.main.TestSuiteExecutor.accessTestSuiteMainPhase(TestSuiteExecutor.java:151)
	at com.kms.katalon.core.main.TestSuiteExecutor.execute(TestSuiteExecutor.java:106)
	at com.kms.katalon.core.main.TestCaseMain.startTestSuite(TestCaseMain.java:185)
	at com.kms.katalon.core.main.TestCaseMain$startTestSuite$0.call(Unknown Source)
	at TempTestSuite1678724486584.run(TempTestSuite1678724486584.groovy:36)
)
	at com.kms.katalon.core.keyword.internal.KeywordMain.stepFailed(KeywordMain.groovy:39)
	at com.kms.katalon.core.webui.keyword.internal.WebUIKeywordMain.stepFailed(WebUIKeywordMain.groovy:64)
	at com.kms.katalon.core.webui.keyword.builtin.VerifyElementPresentKeyword$_verifyElementPresent_closure1.doCall(VerifyElementPresentKeyword.groovy:85)
	at com.kms.katalon.core.webui.keyword.builtin.VerifyElementPresentKeyword$_verifyElementPresent_closure1.call(VerifyElementPresentKeyword.groovy)
	at com.kms.katalon.core.webui.keyword.internal.WebUIKeywordMain.runKeyword(WebUIKeywordMain.groovy:20)
	at com.kms.katalon.core.webui.keyword.builtin.VerifyElementPresentKeyword.verifyElementPresent(VerifyElementPresentKeyword.groovy:92)
	at com.kms.katalon.core.webui.keyword.builtin.VerifyElementPresentKeyword.execute(VerifyElementPresentKeyword.groovy:68)
	at com.kms.katalon.core.keyword.internal.KeywordExecutor.executeKeywordForPlatform(KeywordExecutor.groovy:74)
	at com.kms.katalon.core.webui.keyword.WebUiBuiltInKeywords.verifyElementPresent(WebUiBuiltInKeywords.groovy:1464)
	at com.kms.katalon.core.webui.keyword.WebUiBuiltInKeywords$verifyElementPresent$4.call(Unknown Source)
	at Budget_Estimator_3year.run(Budget_Estimator_3year:109)
	at com.kms.katalon.core.main.ScriptEngine.run(ScriptEngine.java:194)
	at com.kms.katalon.core.main.ScriptEngine.runScriptAsRawText(ScriptEngine.java:119)
	at com.kms.katalon.core.main.TestCaseExecutor.runScript(TestCaseExecutor.java:448)
	at com.kms.katalon.core.main.TestCaseExecutor.doExecute(TestCaseExecutor.java:439)
	at com.kms.katalon.core.main.TestCaseExecutor.processExecutionPhase(TestCaseExecutor.java:418)
	at com.kms.katalon.core.main.TestCaseExecutor.accessMainPhase(TestCaseExecutor.java:410)
	at com.kms.katalon.core.main.TestCaseExecutor.execute(TestCaseExecutor.java:285)
	at com.kms.katalon.core.common.CommonExecutor.accessTestCaseMainPhase(CommonExecutor.java:65)
	at com.kms.katalon.core.main.TestSuiteExecutor.accessTestSuiteMainPhase(TestSuiteExecutor.java:151)
	at com.kms.katalon.core.main.TestSuiteExecutor.execute(TestSuiteExecutor.java:106)
	at com.kms.katalon.core.main.TestCaseMain.startTestSuite(TestCaseMain.java:185)
	at com.kms.katalon.core.main.TestCaseMain$startTestSuite$0.call(Unknown Source)
	at TempTestSuite1678724486584.run(TempTestSuite1678724486584.groovy:36)
Caused by: com.kms.katalon.core.exception.StepFailedException: com.kms.katalon.core.webui.exception.WebElementNotFoundException: Web element with id: '' located by '//*[(text() = '3 Year, Target rating 29' or . = '3 Year, Target rating 29')]' not found
	... 23 more]]></system-err>
      </testcase>
      <testcase name="Test Cases/GiS/Budget Estimator/Budget_Estimator_3year - Sidewalk" time="255.114" classname="Test Cases/GiS/Budget Estimator/Budget_Estimator_3year - Sidewalk" status="PASSED">
         <system-out><![CDATA[2023-03-13 21:29:58 - [TEST_CASE][PASSED] - Test Cases/GiS/Budget Estimator/Budget_Estimator_3year - Sidewalk: Test Cases/GiS/Budget Estimator/Budget_Estimator_3year - Sidewalk

2023-03-13 21:29:58 - [TEST_STEP][PASSED] - gis_url.test.URL.redirectURL(): gis_url.test.URL.redirectURL is PASSED

2023-03-13 21:29:58 - [MESSAGE][INFO] - Starting 'Chrome' driver

2023-03-13 21:29:58 - [MESSAGE][INFO] - Action delay is set to 0 milliseconds

2023-03-13 21:30:01 - [MESSAGE][PASSED] - Browser is opened with url: 'https://streetlogix-gis-slx4-develop.vercel.app/?config=64077fc938af4bcc9a46a81d8f4e5576&token=eyJhbGciOiJIUzI1NiIsInR5cCI6IkpXVCJ9.eyJpZCI6OTc2LCJuYW1lIjoiU29oYWliIE5laGFsIiwiZXhwIjoxNjgwNjgwOTg3LCJpYXQiOjE2NzgwODg5ODd9.hALLa1SO64ZYI--CeYjMno4uFOCwR9lK0Lzo7eCUaPk'

2023-03-13 21:30:01 - [MESSAGE][PASSED] - gis_url.test.URL.redirectURL is PASSED

2023-03-13 21:30:01 - [TEST_STEP][PASSED] - delay(15): Delayed 15 second(s)

2023-03-13 21:30:17 - [MESSAGE][PASSED] - Delayed 15 second(s)

2023-03-13 21:30:17 - [TEST_STEP][PASSED] - click(findTestObject("EBP_Object/Page_Streetlogix/Menubar-icon")): Object: 'Object Repository/EBP_Object/Page_Streetlogix/Menubar-icon' is clicked on

2023-03-13 21:30:47 - [MESSAGE][PASSED] - Object: 'Object Repository/EBP_Object/Page_Streetlogix/Menubar-icon' is clicked on

2023-03-13 21:30:47 - [TEST_STEP][PASSED] - delay(15): Delayed 15 second(s)

2023-03-13 21:31:02 - [MESSAGE][PASSED] - Delayed 15 second(s)

2023-03-13 21:31:02 - [TEST_STEP][PASSED] - click(findTestObject("Object Repository/EBP_Object/Page_Streetlogix/div_Budget Estimator")): Object: 'Object Repository/EBP_Object/Page_Streetlogix/div_Budget Estimator' is clicked on

2023-03-13 21:31:04 - [MESSAGE][PASSED] - Object: 'Object Repository/EBP_Object/Page_Streetlogix/div_Budget Estimator' is clicked on

2023-03-13 21:31:04 - [TEST_STEP][PASSED] - click(findTestObject("Compare Scenarios/div_Pavement Maintenance")): Object: 'Object Repository/Compare Scenarios/div_Pavement Maintenance' is clicked on

2023-03-13 21:31:05 - [MESSAGE][PASSED] - Object: 'Object Repository/Compare Scenarios/div_Pavement Maintenance' is clicked on

2023-03-13 21:31:05 - [TEST_STEP][PASSED] - click(findTestObject("Compare Scenarios/li_Sidewalk Maintenance")): Object: 'Object Repository/Compare Scenarios/li_Sidewalk Maintenance' is clicked on

2023-03-13 21:31:08 - [MESSAGE][PASSED] - Object: 'Object Repository/Compare Scenarios/li_Sidewalk Maintenance' is clicked on

2023-03-13 21:31:08 - [TEST_STEP][PASSED] - Scenarioname = "EST SW 3": null

2023-03-13 21:31:08 - [TEST_STEP][PASSED] - Totalyears = "3": null

2023-03-13 21:31:08 - [TEST_STEP][PASSED] - Inflation = "5": null

2023-03-13 21:31:08 - [TEST_STEP][PASSED] - sendKeys(findTestObject("Object Repository/EBP_Object/Page_Streetlogix/input_Scenario Name_scenarioName"), Keys.chord(COMMAND, "a")): Keys 'COMMAND + a' sent to object: 'Object Repository/EBP_Object/Page_Streetlogix/input_Scenario Name_scenarioName'

2023-03-13 21:31:11 - [MESSAGE][PASSED] - Keys 'COMMAND + a' sent to object: 'Object Repository/EBP_Object/Page_Streetlogix/input_Scenario Name_scenarioName'

2023-03-13 21:31:11 - [TEST_STEP][PASSED] - sendKeys(findTestObject("Object Repository/EBP_Object/Page_Streetlogix/input_Scenario Name_scenarioName"), Keys.chord(DELETE)): Keys 'DELETE + ' sent to object: 'Object Repository/EBP_Object/Page_Streetlogix/input_Scenario Name_scenarioName'

2023-03-13 21:31:12 - [MESSAGE][PASSED] - Keys 'DELETE + ' sent to object: 'Object Repository/EBP_Object/Page_Streetlogix/input_Scenario Name_scenarioName'

2023-03-13 21:31:12 - [TEST_STEP][PASSED] - setText(findTestObject("Object Repository/EBP_Object/Page_Streetlogix/input_Scenario Name_scenarioName"), Scenarioname): Text 'EST SW 3' is set on object 'Object Repository/EBP_Object/Page_Streetlogix/input_Scenario Name_scenarioName'

2023-03-13 21:31:12 - [MESSAGE][PASSED] - Text 'EST SW 3' is set on object 'Object Repository/EBP_Object/Page_Streetlogix/input_Scenario Name_scenarioName'

2023-03-13 21:31:12 - [TEST_STEP][PASSED] - sendKeys(findTestObject("Object Repository/EBP_Object/Page_Streetlogix/input_Program duration_programDuration"), Keys.chord(COMMAND, "a")): Keys 'COMMAND + a' sent to object: 'Object Repository/EBP_Object/Page_Streetlogix/input_Program duration_programDuration'

2023-03-13 21:31:13 - [MESSAGE][PASSED] - Keys 'COMMAND + a' sent to object: 'Object Repository/EBP_Object/Page_Streetlogix/input_Program duration_programDuration'

2023-03-13 21:31:13 - [TEST_STEP][PASSED] - sendKeys(findTestObject("Object Repository/EBP_Object/Page_Streetlogix/input_Program duration_programDuration"), Keys.chord(DELETE)): Keys 'DELETE + ' sent to object: 'Object Repository/EBP_Object/Page_Streetlogix/input_Program duration_programDuration'

2023-03-13 21:31:13 - [MESSAGE][PASSED] - Keys 'DELETE + ' sent to object: 'Object Repository/EBP_Object/Page_Streetlogix/input_Program duration_programDuration'

2023-03-13 21:31:13 - [TEST_STEP][PASSED] - setText(findTestObject("Object Repository/EBP_Object/Page_Streetlogix/input_Program duration_programDuration"), Totalyears): Text '3' is set on object 'Object Repository/EBP_Object/Page_Streetlogix/input_Program duration_programDuration'

2023-03-13 21:31:14 - [MESSAGE][PASSED] - Text '3' is set on object 'Object Repository/EBP_Object/Page_Streetlogix/input_Program duration_programDuration'

2023-03-13 21:31:14 - [TEST_STEP][PASSED] - AvgCI = getText(findTestObject("EBP_Object/Page_Streetlogix/Average_condition_index")): Text of object 'Object Repository/EBP_Object/Page_Streetlogix/Average_condition_index' is: '54.43'

2023-03-13 21:31:15 - [MESSAGE][PASSED] - Text of object 'Object Repository/EBP_Object/Page_Streetlogix/Average_condition_index' is: '54.43'

2023-03-13 21:31:15 - [TEST_STEP][PASSED] - AvgCIdouble = AvgCI.toDouble(): null

2023-03-13 21:31:15 - [TEST_STEP][PASSED] - AvgCIround = Math.round(AvgCIdouble): null

2023-03-13 21:31:15 - [TEST_STEP][PASSED] - TargetCI = AvgCIround + 1: null

2023-03-13 21:31:15 - [TEST_STEP][PASSED] - TargetCIfloat = TargetCI + ".00": null

2023-03-13 21:31:15 - [TEST_STEP][PASSED] - Totalyear1 = Totalyears + " Years": null

2023-03-13 21:31:15 - [TEST_STEP][PASSED] - InflationSummary = Inflation + "%": null

2023-03-13 21:31:15 - [TEST_STEP][PASSED] - setText(findTestObject("Object Repository/EBP_Object/Page_Streetlogix/input_Target Condition Index_target_rating"), $TargetCI): Text '55' is set on object 'Object Repository/EBP_Object/Page_Streetlogix/input_Target Condition Index_target_rating'

2023-03-13 21:31:15 - [MESSAGE][PASSED] - Text '55' is set on object 'Object Repository/EBP_Object/Page_Streetlogix/input_Target Condition Index_target_rating'

2023-03-13 21:31:15 - [TEST_STEP][PASSED] - sendKeys(findTestObject("Object Repository/EBP_Object/Page_Streetlogix/input_Annual Inflation_annualInflation"), Keys.chord(COMMAND, "a")): Keys 'COMMAND + a' sent to object: 'Object Repository/EBP_Object/Page_Streetlogix/input_Annual Inflation_annualInflation'

2023-03-13 21:31:16 - [MESSAGE][PASSED] - Keys 'COMMAND + a' sent to object: 'Object Repository/EBP_Object/Page_Streetlogix/input_Annual Inflation_annualInflation'

2023-03-13 21:31:16 - [TEST_STEP][PASSED] - sendKeys(findTestObject("Object Repository/EBP_Object/Page_Streetlogix/input_Annual Inflation_annualInflation"), Keys.chord(DELETE)): Keys 'DELETE + ' sent to object: 'Object Repository/EBP_Object/Page_Streetlogix/input_Annual Inflation_annualInflation'

2023-03-13 21:31:16 - [MESSAGE][PASSED] - Keys 'DELETE + ' sent to object: 'Object Repository/EBP_Object/Page_Streetlogix/input_Annual Inflation_annualInflation'

2023-03-13 21:31:16 - [TEST_STEP][PASSED] - setText(findTestObject("Object Repository/EBP_Object/Page_Streetlogix/input_Annual Inflation_annualInflation"), Inflation): Text '5' is set on object 'Object Repository/EBP_Object/Page_Streetlogix/input_Annual Inflation_annualInflation'

2023-03-13 21:31:17 - [MESSAGE][PASSED] - Text '5' is set on object 'Object Repository/EBP_Object/Page_Streetlogix/input_Annual Inflation_annualInflation'

2023-03-13 21:31:17 - [TEST_STEP][PASSED] - click(findTestObject("Object Repository/EBP_Object/Page_Streetlogix/span_Calculate")): Object: 'Object Repository/EBP_Object/Page_Streetlogix/span_Calculate' is clicked on

2023-03-13 21:31:18 - [MESSAGE][PASSED] - Object: 'Object Repository/EBP_Object/Page_Streetlogix/span_Calculate' is clicked on

2023-03-13 21:31:18 - [TEST_STEP][PASSED] - delay(120): Delayed 120 second(s)

2023-03-13 21:33:18 - [MESSAGE][PASSED] - Delayed 120 second(s)

2023-03-13 21:33:18 - [TEST_STEP][PASSED] - click(findTestObject("Object Repository/EBP_Object/Page_Streetlogix/span_Load")): Object: 'Object Repository/EBP_Object/Page_Streetlogix/span_Load' is clicked on

2023-03-13 21:33:18 - [MESSAGE][PASSED] - Object: 'Object Repository/EBP_Object/Page_Streetlogix/span_Load' is clicked on

2023-03-13 21:33:18 - [TEST_STEP][PASSED] - delay(5): Delayed 5 second(s)

2023-03-13 21:33:23 - [MESSAGE][PASSED] - Delayed 5 second(s)

2023-03-13 21:33:23 - [TEST_STEP][PASSED] - Sname = TestObject().addProperty("text", EQUALS, Scenarioname): null

2023-03-13 21:33:23 - [TEST_STEP][PASSED] - click(Sname): Object: '' is clicked on

2023-03-13 21:33:24 - [MESSAGE][PASSED] - Object: '' is clicked on

2023-03-13 21:33:24 - [TEST_STEP][PASSED] - summary = Totalyears + " Years, Target rating " + TargetCI: null

2023-03-13 21:33:24 - [TEST_STEP][PASSED] - delay(5): Delayed 5 second(s)

2023-03-13 21:33:29 - [MESSAGE][PASSED] - Delayed 5 second(s)

2023-03-13 21:33:29 - [TEST_STEP][PASSED] - ActualSummary = getText(findTestObject("Object Repository/EBP_Object/Page_Streetlogix/Estimator_summary")): Text of object 'Object Repository/EBP_Object/Page_Streetlogix/Estimator_summary' is: '3 Years, Target rating 55'

2023-03-13 21:33:32 - [MESSAGE][PASSED] - Text of object 'Object Repository/EBP_Object/Page_Streetlogix/Estimator_summary' is: '3 Years, Target rating 55'

2023-03-13 21:33:32 - [TEST_STEP][PASSED] - Expectedsummary = TestObject().addProperty("text", EQUALS, summary): null

2023-03-13 21:33:32 - [TEST_STEP][PASSED] - verifyElementPresent(Expectedsummary, 5): Object '' is present

2023-03-13 21:33:32 - [MESSAGE][PASSED] - Object '' is present

2023-03-13 21:33:32 - [TEST_STEP][PASSED] - click(findTestObject("EBP_Object/Page_Streetlogix/Asset_name - Sidewalk")): Object: 'Object Repository/EBP_Object/Page_Streetlogix/Asset_name - Sidewalk' is clicked on

2023-03-13 21:33:32 - [MESSAGE][PASSED] - Object: 'Object Repository/EBP_Object/Page_Streetlogix/Asset_name - Sidewalk' is clicked on

[...]

2023-03-13 21:56:04 - [TEST_STEP][PASSED] - if (getName().equals(fileName)): null

2023-03-13 21:56:04 - [TEST_STEP][PASSED] - if (getName().equals(fileName)): null

2023-03-13 21:56:04 - [TEST_STEP][PASSED] - if (getName().equals(fileName)): null

2023-03-13 21:56:04 - [TEST_STEP][PASSED] - if (getName().equals(fileName)): null

2023-03-13 21:56:04 - [TEST_STEP][PASSED] - if (getName().equals(fileName)): null

2023-03-13 21:56:04 - [TEST_STEP][PASSED] - if (getName().equals(fileName)): null

2023-03-13 21:56:04 - [TEST_STEP][PASSED] - if (getName().equals(fileName)): null

2023-03-13 21:56:04 - [TEST_STEP][PASSED] - if (getName().equals(fileName)): null

2023-03-13 21:56:04 - [TEST_STEP][PASSED] - if (getName().equals(fileName)): null

2023-03-13 21:56:04 - [TEST_STEP][PASSED] - if (getName().equals(fileName)): null

2023-03-13 21:56:04 - [TEST_STEP][PASSED] - if (getName().equals(fileName)): null

2023-03-13 21:56:04 - [TEST_STEP][PASSED] - if (getName().equals(fileName)): null

2023-03-13 21:56:04 - [TEST_STEP][PASSED] - if (getName().equals(fileName)): null

2023-03-13 21:56:04 - [TEST_STEP][PASSED] - if (getName().equals(fileName)): null

2023-03-13 21:56:04 - [TEST_STEP][PASSED] - if (getName().equals(fileName)): null

2023-03-13 21:56:04 - [TEST_STEP][PASSED] - if (getName().equals(fileName)): null

2023-03-13 21:56:04 - [TEST_STEP][PASSED] - if (getName().equals(fileName)): null

2023-03-13 21:56:04 - [TEST_STEP][PASSED] - markPassed("File " + fileName + " exists in " + downloadPath): File Streetlogix-EST-SW-1.docx exists in /Users/kashif/Downloads

2023-03-13 21:56:04 - [MESSAGE][PASSED] - File Streetlogix-EST-SW-1.docx exists in /Users/kashif/Downloads

2023-03-13 21:56:04 - [TEST_STEP][PASSED] - return true: null

2023-03-13 21:56:04 - [TEST_STEP][PASSED] - closeBrowser(): Browser is closed

2023-03-13 21:56:04 - [MESSAGE][PASSED] - Browser is closed]]></system-out>
         <system-err><![CDATA[2023-03-13 21:52:41 - [TEST_CASE][FAILED] - Test Cases/GiS/Budget Estimator/Budget_Estimator_1year - Sidewalk: Test Cases/GiS/Budget Estimator/Budget_Estimator_1year - Sidewalk FAILED.
Reason:
com.kms.katalon.core.exception.StepFailedException: Unable to get text of object 'Object Repository/Compare Scenarios/li_Sidewalk Maintenance' (Root cause: com.kms.katalon.core.exception.StepFailedException: Unable to get text of object 'Object Repository/Compare Scenarios/li_Sidewalk Maintenance'
	at com.kms.katalon.core.webui.keyword.internal.WebUIKeywordMain.stepFailed(WebUIKeywordMain.groovy:64)
	at com.kms.katalon.core.webui.keyword.internal.WebUIKeywordMain.runKeyword(WebUIKeywordMain.groovy:26)
	at com.kms.katalon.core.webui.keyword.builtin.GetTextKeyword.getText(GetTextKeyword.groovy:88)
	at com.kms.katalon.core.webui.keyword.builtin.GetTextKeyword.execute(GetTextKeyword.groovy:67)
	at com.kms.katalon.core.keyword.internal.KeywordExecutor.executeKeywordForPlatform(KeywordExecutor.groovy:74)
	at com.kms.katalon.core.webui.keyword.WebUiBuiltInKeywords.getText(WebUiBuiltInKeywords.groovy:918)
	at com.kms.katalon.core.webui.keyword.WebUiBuiltInKeywords$getText$1.call(Unknown Source)
	at Budget_Estimator_1year - Sidewalk.run(Budget_Estimator_1year - Sidewalk:41)
	at com.kms.katalon.core.main.ScriptEngine.run(ScriptEngine.java:194)
	at com.kms.katalon.core.main.ScriptEngine.runScriptAsRawText(ScriptEngine.java:119)
	at com.kms.katalon.core.main.TestCaseExecutor.runScript(TestCaseExecutor.java:448)
	at com.kms.katalon.core.main.TestCaseExecutor.doExecute(TestCaseExecutor.java:439)
	at com.kms.katalon.core.main.TestCaseExecutor.processExecutionPhase(TestCaseExecutor.java:418)
	at com.kms.katalon.core.main.TestCaseExecutor.accessMainPhase(TestCaseExecutor.java:410)
	at com.kms.katalon.core.main.TestCaseExecutor.execute(TestCaseExecutor.java:285)
	at com.kms.katalon.core.common.CommonExecutor.accessTestCaseMainPhase(CommonExecutor.java:65)
	at com.kms.katalon.core.main.TestSuiteExecutor.accessTestSuiteMainPhase(TestSuiteExecutor.java:151)
	at com.kms.katalon.core.main.TestSuiteExecutor.execute(TestSuiteExecutor.java:106)
	at com.kms.katalon.core.main.TestCaseMain.startTestSuite(TestCaseMain.java:185)
	at com.kms.katalon.core.main.TestCaseMain$startTestSuite$0.call(Unknown Source)
	at TempTestSuite1678724486584.run(TempTestSuite1678724486584.groovy:36)
Caused by: com.kms.katalon.core.webui.exception.WebElementNotFoundException: Web element with id: 'Object Repository/Compare Scenarios/li_Sidewalk Maintenance' located by '//div[@id='menu-']/div[3]/ul/li[2]' not found
	at com.kms.katalon.core.webui.common.WebUiCommonHelper.findWebElement(WebUiCommonHelper.java:1370)
	at com.kms.katalon.core.webui.keyword.internal.WebUIAbstractKeyword.findWebElement(WebUIAbstractKeyword.groovy:27)
	at com.kms.katalon.core.webui.keyword.internal.WebUIAbstractKeyword.findWebElement(WebUIAbstractKeyword.groovy:26)
	at com.kms.katalon.core.webui.keyword.builtin.GetTextKeyword$_getText_closure1.doCall(GetTextKeyword.groovy:78)
	at com.kms.katalon.core.webui.keyword.builtin.GetTextKeyword$_getText_closure1.call(GetTextKeyword.groovy)
	at com.kms.katalon.core.webui.keyword.internal.WebUIKeywordMain.runKeyword(WebUIKeywordMain.groovy:20)
	at com.kms.katalon.core.webui.keyword.builtin.GetTextKeyword.getText(GetTextKeyword.groovy:88)
	at com.kms.katalon.core.webui.keyword.builtin.GetTextKeyword.execute(GetTextKeyword.groovy:67)
	at com.kms.katalon.core.keyword.internal.KeywordExecutor.executeKeywordForPlatform(KeywordExecutor.groovy:74)
	at com.kms.katalon.core.webui.keyword.WebUiBuiltInKeywords.getText(WebUiBuiltInKeywords.groovy:918)
	at com.kms.katalon.core.webui.keyword.WebUiBuiltInKeywords$getText$1.call(Unknown Source)
	at Script1677278605328.run(Script1677278605328.groovy:41)
	... 13 more
)
	at com.kms.katalon.core.keyword.internal.KeywordMain.stepFailed(KeywordMain.groovy:39)
	at com.kms.katalon.core.webui.keyword.internal.WebUIKeywordMain.stepFailed(WebUIKeywordMain.groovy:64)
	at com.kms.katalon.core.webui.keyword.internal.WebUIKeywordMain.runKeyword(WebUIKeywordMain.groovy:26)
	at com.kms.katalon.core.webui.keyword.builtin.GetTextKeyword.getText(GetTextKeyword.groovy:88)
	at com.kms.katalon.core.webui.keyword.builtin.GetTextKeyword.execute(GetTextKeyword.groovy:67)
	at com.kms.katalon.core.keyword.internal.KeywordExecutor.executeKeywordForPlatform(KeywordExecutor.groovy:74)
	at com.kms.katalon.core.webui.keyword.WebUiBuiltInKeywords.getText(WebUiBuiltInKeywords.groovy:918)
	at com.kms.katalon.core.webui.keyword.WebUiBuiltInKeywords$getText$1.call(Unknown Source)
	at Budget_Estimator_1year - Sidewalk.run(Budget_Estimator_1year - Sidewalk:41)
	at com.kms.katalon.core.main.ScriptEngine.run(ScriptEngine.java:194)
	at com.kms.katalon.core.main.ScriptEngine.runScriptAsRawText(ScriptEngine.java:119)
	at com.kms.katalon.core.main.TestCaseExecutor.runScript(TestCaseExecutor.java:448)
	at com.kms.katalon.core.main.TestCaseExecutor.doExecute(TestCaseExecutor.java:439)
	at com.kms.katalon.core.main.TestCaseExecutor.processExecutionPhase(TestCaseExecutor.java:418)
	at com.kms.katalon.core.main.TestCaseExecutor.accessMainPhase(TestCaseExecutor.java:410)
	at com.kms.katalon.core.main.TestCaseExecutor.execute(TestCaseExecutor.java:285)
	at com.kms.katalon.core.common.CommonExecutor.accessTestCaseMainPhase(CommonExecutor.java:65)
	at com.kms.katalon.core.main.TestSuiteExecutor.accessTestSuiteMainPhase(TestSuiteExecutor.java:151)
	at com.kms.katalon.core.main.TestSuiteExecutor.execute(TestSuiteExecutor.java:106)
	at com.kms.katalon.core.main.TestCaseMain.startTestSuite(TestCaseMain.java:185)
	at com.kms.katalon.core.main.TestCaseMain$startTestSuite$0.call(Unknown Source)
	at TempTestSuite1678724486584.run(TempTestSuite1678724486584.groovy:36)
Caused by: com.kms.katalon.core.exception.StepFailedException: Unable to get text of object 'Object Repository/Compare Scenarios/li_Sidewalk Maintenance'
	... 21 more
Caused by: com.kms.katalon.core.webui.exception.WebElementNotFoundException: Web element with id: 'Object Repository/Compare Scenarios/li_Sidewalk Maintenance' located by '//div[@id='menu-']/div[3]/ul/li[2]' not found
	at com.kms.katalon.core.webui.common.WebUiCommonHelper.findWebElement(WebUiCommonHelper.java:1370)
	at com.kms.katalon.core.webui.keyword.internal.WebUIAbstractKeyword.findWebElement(WebUIAbstractKeyword.groovy:27)
	at com.kms.katalon.core.webui.keyword.internal.WebUIAbstractKeyword.findWebElement(WebUIAbstractKeyword.groovy:26)
	at com.kms.katalon.core.webui.keyword.builtin.GetTextKeyword$_getText_closure1.doCall(GetTextKeyword.groovy:78)
	at com.kms.katalon.core.webui.keyword.builtin.GetTextKeyword$_getText_closure1.call(GetTextKeyword.groovy)
	at com.kms.katalon.core.webui.keyword.internal.WebUIKeywordMain.runKeyword(WebUIKeywordMain.groovy:20)
	... 19 more]]></system-err>
      </testcase>
      <system-out><![CDATA[2023-03-13 21:21:29 - [TEST_SUITE][FAILED] - Budget temp: Test Cases/GiS/Budget Estimator/Budget_Estimator_3year FAILED.
Reason:
com.kms.katalon.core.exception.StepFailedException: com.kms.katalon.core.webui.exception.WebElementNotFoundException: Web element with id: '' located by '//*[(text() = '3 Year, Target rating 29' or . = '3 Year, Target rating 29')]' not found (Root cause: com.kms.katalon.core.exception.StepFailedException: com.kms.katalon.core.webui.exception.WebElementNotFoundException: Web element with id: '' located by '//*[(text() = '3 Year, Target rating 29' or . = '3 Year, Target rating 29')]' not found
	at com.kms.katalon.core.webui.keyword.internal.WebUIKeywordMain.stepFailed(WebUIKeywordMain.groovy:64)
	at com.kms.katalon.core.webui.keyword.builtin.VerifyElementPresentKeyword$_verifyElementPresent_closure1.doCall(VerifyElementPresentKeyword.groovy:85)
	at com.kms.katalon.core.webui.keyword.builtin.VerifyElementPresentKeyword$_verifyElementPresent_closure1.call(VerifyElementPresentKeyword.groovy)
	at com.kms.katalon.core.webui.keyword.internal.WebUIKeywordMain.runKeyword(WebUIKeywordMain.groovy:20)
	at com.kms.katalon.core.webui.keyword.builtin.VerifyElementPresentKeyword.verifyElementPresent(VerifyElementPresentKeyword.groovy:92)
	at com.kms.katalon.core.webui.keyword.builtin.VerifyElementPresentKeyword.execute(VerifyElementPresentKeyword.groovy:68)
	at com.kms.katalon.core.keyword.internal.KeywordExecutor.executeKeywordForPlatform(KeywordExecutor.groovy:74)
	at com.kms.katalon.core.webui.keyword.WebUiBuiltInKeywords.verifyElementPresent(WebUiBuiltInKeywords.groovy:1464)
	at com.kms.katalon.core.webui.keyword.WebUiBuiltInKeywords$verifyElementPresent$4.call(Unknown Source)
	at Budget_Estimator_3year.run(Budget_Estimator_3year:109)
	at com.kms.katalon.core.main.ScriptEngine.run(ScriptEngine.java:194)
	at com.kms.katalon.core.main.ScriptEngine.runScriptAsRawText(ScriptEngine.java:119)
	at com.kms.katalon.core.main.TestCaseExecutor.runScript(TestCaseExecutor.java:448)
	at com.kms.katalon.core.main.TestCaseExecutor.doExecute(TestCaseExecutor.java:439)
	at com.kms.katalon.core.main.TestCaseExecutor.processExecutionPhase(TestCaseExecutor.java:418)
	at com.kms.katalon.core.main.TestCaseExecutor.accessMainPhase(TestCaseExecutor.java:410)
	at com.kms.katalon.core.main.TestCaseExecutor.execute(TestCaseExecutor.java:285)
	at com.kms.katalon.core.common.CommonExecutor.accessTestCaseMainPhase(CommonExecutor.java:65)
	at com.kms.katalon.core.main.TestSuiteExecutor.accessTestSuiteMainPhase(TestSuiteExecutor.java:151)
	at com.kms.katalon.core.main.TestSuiteExecutor.execute(TestSuiteExecutor.java:106)
	at com.kms.katalon.core.main.TestCaseMain.startTestSuite(TestCaseMain.java:185)
	at com.kms.katalon.core.main.TestCaseMain$startTestSuite$0.call(Unknown Source)
	at TempTestSuite1678724486584.run(TempTestSuite1678724486584.groovy:36)
)
	at com.kms.katalon.core.keyword.internal.KeywordMain.stepFailed(KeywordMain.groovy:39)
	at com.kms.katalon.core.webui.keyword.internal.WebUIKeywordMain.stepFailed(WebUIKeywordMain.groovy:64)
	at com.kms.katalon.core.webui.keyword.builtin.VerifyElementPresentKeyword$_verifyElementPresent_closure1.doCall(VerifyElementPresentKeyword.groovy:85)
	at com.kms.katalon.core.webui.keyword.builtin.VerifyElementPresentKeyword$_verifyElementPresent_closure1.call(VerifyElementPresentKeyword.groovy)
	at com.kms.katalon.core.webui.keyword.internal.WebUIKeywordMain.runKeyword(WebUIKeywordMain.groovy:20)
	at com.kms.katalon.core.webui.keyword.builtin.VerifyElementPresentKeyword.verifyElementPresent(VerifyElementPresentKeyword.groovy:92)
	at com.kms.katalon.core.webui.keyword.builtin.VerifyElementPresentKeyword.execute(VerifyElementPresentKeyword.groovy:68)
	at com.kms.katalon.core.keyword.internal.KeywordExecutor.executeKeywordForPlatform(KeywordExecutor.groovy:74)
	at com.kms.katalon.core.webui.keyword.WebUiBuiltInKeywords.verifyElementPresent(WebUiBuiltInKeywords.groovy:1464)
	at com.kms.katalon.core.webui.keyword.WebUiBuiltInKeywords$verifyElementPresent$4.call(Unknown Source)
	at Budget_Estimator_3year.run(Budget_Estimator_3year:109)
	at com.kms.katalon.core.main.ScriptEngine.run(ScriptEngine.java:194)
	at com.kms.katalon.core.main.ScriptEngine.runScriptAsRawText(ScriptEngine.java:119)
	at com.kms.katalon.core.main.TestCaseExecutor.runScript(TestCaseExecutor.java:448)
	at com.kms.katalon.core.main.TestCaseExecutor.doExecute(TestCaseExecutor.java:439)
	at com.kms.katalon.core.main.TestCaseExecutor.processExecutionPhase(TestCaseExecutor.java:418)
	at com.kms.katalon.core.main.TestCaseExecutor.accessMainPhase(TestCaseExecutor.java:410)
	at com.kms.katalon.core.main.TestCaseExecutor.execute(TestCaseExecutor.java:285)
	at com.kms.katalon.core.common.CommonExecutor.accessTestCaseMainPhase(CommonExecutor.java:65)
	at com.kms.katalon.core.main.TestSuiteExecutor.accessTestSuiteMainPhase(TestSuiteExecutor.java:151)
	at com.kms.katalon.core.main.TestSuiteExecutor.execute(TestSuiteExecutor.java:106)
	at com.kms.katalon.core.main.TestCaseMain.startTestSuite(TestCaseMain.java:185)
	at com.kms.katalon.core.main.TestCaseMain$startTestSuite$0.call(Unknown Source)
	at TempTestSuite1678724486584.run(TempTestSuite1678724486584.groovy:36)
Caused by: com.kms.katalon.core.exception.StepFailedException: com.kms.katalon.core.webui.exception.WebElementNotFoundException: Web element with id: '' located by '//*[(text() = '3 Year, Target rating 29' or . = '3 Year, Target rating 29')]' not found
	... 23 more]]></system-out>
      <system-err><![CDATA[2023-03-13 21:21:29 - [TEST_SUITE][FAILED] - Budget temp: Test Cases/GiS/Budget Estimator/Budget_Estimator_3year FAILED.
Reason:
com.kms.katalon.core.exception.StepFailedException: com.kms.katalon.core.webui.exception.WebElementNotFoundException: Web element with id: '' located by '//*[(text() = '3 Year, Target rating 29' or . = '3 Year, Target rating 29')]' not found (Root cause: com.kms.katalon.core.exception.StepFailedException: com.kms.katalon.core.webui.exception.WebElementNotFoundException: Web element with id: '' located by '//*[(text() = '3 Year, Target rating 29' or . = '3 Year, Target rating 29')]' not found
	at com.kms.katalon.core.webui.keyword.internal.WebUIKeywordMain.stepFailed(WebUIKeywordMain.groovy:64)
	at com.kms.katalon.core.webui.keyword.builtin.VerifyElementPresentKeyword$_verifyElementPresent_closure1.doCall(VerifyElementPresentKeyword.groovy:85)
	at com.kms.katalon.core.webui.keyword.builtin.VerifyElementPresentKeyword$_verifyElementPresent_closure1.call(VerifyElementPresentKeyword.groovy)
	at com.kms.katalon.core.webui.keyword.internal.WebUIKeywordMain.runKeyword(WebUIKeywordMain.groovy:20)
	at com.kms.katalon.core.webui.keyword.builtin.VerifyElementPresentKeyword.verifyElementPresent(VerifyElementPresentKeyword.groovy:92)
	at com.kms.katalon.core.webui.keyword.builtin.VerifyElementPresentKeyword.execute(VerifyElementPresentKeyword.groovy:68)
	at com.kms.katalon.core.keyword.internal.KeywordExecutor.executeKeywordForPlatform(KeywordExecutor.groovy:74)
	at com.kms.katalon.core.webui.keyword.WebUiBuiltInKeywords.verifyElementPresent(WebUiBuiltInKeywords.groovy:1464)
	at com.kms.katalon.core.webui.keyword.WebUiBuiltInKeywords$verifyElementPresent$4.call(Unknown Source)
	at Budget_Estimator_3year.run(Budget_Estimator_3year:109)
	at com.kms.katalon.core.main.ScriptEngine.run(ScriptEngine.java:194)
	at com.kms.katalon.core.main.ScriptEngine.runScriptAsRawText(ScriptEngine.java:119)
	at com.kms.katalon.core.main.TestCaseExecutor.runScript(TestCaseExecutor.java:448)
	at com.kms.katalon.core.main.TestCaseExecutor.doExecute(TestCaseExecutor.java:439)
	at com.kms.katalon.core.main.TestCaseExecutor.processExecutionPhase(TestCaseExecutor.java:418)
	at com.kms.katalon.core.main.TestCaseExecutor.accessMainPhase(TestCaseExecutor.java:410)
	at com.kms.katalon.core.main.TestCaseExecutor.execute(TestCaseExecutor.java:285)
	at com.kms.katalon.core.common.CommonExecutor.accessTestCaseMainPhase(CommonExecutor.java:65)
	at com.kms.katalon.core.main.TestSuiteExecutor.accessTestSuiteMainPhase(TestSuiteExecutor.java:151)
	at com.kms.katalon.core.main.TestSuiteExecutor.execute(TestSuiteExecutor.java:106)
	at com.kms.katalon.core.main.TestCaseMain.startTestSuite(TestCaseMain.java:185)
	at com.kms.katalon.core.main.TestCaseMain$startTestSuite$0.call(Unknown Source)
	at TempTestSuite1678724486584.run(TempTestSuite1678724486584.groovy:36)
)
	at com.kms.katalon.core.keyword.internal.KeywordMain.stepFailed(KeywordMain.groovy:39)
	at com.kms.katalon.core.webui.keyword.internal.WebUIKeywordMain.stepFailed(WebUIKeywordMain.groovy:64)
	at com.kms.katalon.core.webui.keyword.builtin.VerifyElementPresentKeyword$_verifyElementPresent_closure1.doCall(VerifyElementPresentKeyword.groovy:85)
	at com.kms.katalon.core.webui.keyword.builtin.VerifyElementPresentKeyword$_verifyElementPresent_closure1.call(VerifyElementPresentKeyword.groovy)
	at com.kms.katalon.core.webui.keyword.internal.WebUIKeywordMain.runKeyword(WebUIKeywordMain.groovy:20)
	at com.kms.katalon.core.webui.keyword.builtin.VerifyElementPresentKeyword.verifyElementPresent(VerifyElementPresentKeyword.groovy:92)
	at com.kms.katalon.core.webui.keyword.builtin.VerifyElementPresentKeyword.execute(VerifyElementPresentKeyword.groovy:68)
	at com.kms.katalon.core.keyword.internal.KeywordExecutor.executeKeywordForPlatform(KeywordExecutor.groovy:74)
	at com.kms.katalon.core.webui.keyword.WebUiBuiltInKeywords.verifyElementPresent(WebUiBuiltInKeywords.groovy:1464)
	at com.kms.katalon.core.webui.keyword.WebUiBuiltInKeywords$verifyElementPresent$4.call(Unknown Source)
	at Budget_Estimator_3year.run(Budget_Estimator_3year:109)
	at com.kms.katalon.core.main.ScriptEngine.run(ScriptEngine.java:194)
	at com.kms.katalon.core.main.ScriptEngine.runScriptAsRawText(ScriptEngine.java:119)
	at com.kms.katalon.core.main.TestCaseExecutor.runScript(TestCaseExecutor.java:448)
	at com.kms.katalon.core.main.TestCaseExecutor.doExecute(TestCaseExecutor.java:439)
	at com.kms.katalon.core.main.TestCaseExecutor.processExecutionPhase(TestCaseExecutor.java:418)
	at com.kms.katalon.core.main.TestCaseExecutor.accessMainPhase(TestCaseExecutor.java:410)
	at com.kms.katalon.core.main.TestCaseExecutor.execute(TestCaseExecutor.java:285)
	at com.kms.katalon.core.common.CommonExecutor.accessTestCaseMainPhase(CommonExecutor.java:65)
	at com.kms.katalon.core.main.TestSuiteExecutor.accessTestSuiteMainPhase(TestSuiteExecutor.java:151)
	at com.kms.katalon.core.main.TestSuiteExecutor.execute(TestSuiteExecutor.java:106)
	at com.kms.katalon.core.main.TestCaseMain.startTestSuite(TestCaseMain.java:185)
	at com.kms.katalon.core.main.TestCaseMain$startTestSuite$0.call(Unknown Source)
	at TempTestSuite1678724486584.run(TempTestSuite1678724486584.groovy:36)
Caused by: com.kms.katalon.core.exception.StepFailedException: com.kms.katalon.core.webui.exception.WebElementNotFoundException: Web element with id: '' located by '//*[(text() = '3 Year, Target rating 29' or . = '3 Year, Target rating 29')]' not found
	... 23 more]]></system-err>
   </testsuite>
</testsuites>
